INFO 2024-10-03 20:25:30,499 autoreload 4676 18336 Watching for file changes with StatReloader
INFO 2024-10-03 20:25:32,662 basehttp 4676 15956 "GET / HTTP/1.1" 200 480
INFO 2024-10-03 20:25:38,316 basehttp 4676 14696 "GET /api/search/?q=%EC%95%84%EB%8D%B8 HTTP/1.1" 200 405
INFO 2024-10-03 20:25:40,633 basehttp 4676 14696 "GET /character/api/character/%EC%95%84%EB%8D%B8/ HTTP/1.1" 200 169607
INFO 2024-10-03 20:27:38,820 basehttp 4676 9524 "GET /character/api/character/%EC%95%84%EB%8D%B8/ HTTP/1.1" 200 169607
INFO 2024-10-03 20:27:41,553 basehttp 4676 9524 "GET / HTTP/1.1" 200 693
INFO 2024-10-03 20:27:42,682 basehttp 4676 9524 "GET / HTTP/1.1" 200 693
INFO 2024-10-03 20:31:00,703 basehttp 4676 12088 "GET /api/search/?q=%EC%95%84%EB%8D%B8 HTTP/1.1" 200 405
INFO 2024-10-03 20:31:41,243 basehttp 4676 8208 "GET /api/search/?q=%EC%95%84%EB%8D%B8 HTTP/1.1" 200 405
INFO 2024-10-03 20:31:53,965 basehttp 4676 8764 "GET /api/search/?q=%EC%95%84%EB%8D%B8 HTTP/1.1" 200 405
INFO 2024-10-03 20:33:02,075 basehttp 4676 11860 "GET /api/search/?q=%EC%95%84%EB%8D%B8 HTTP/1.1" 200 405
INFO 2024-10-03 20:33:43,151 basehttp 4676 5248 "GET /character/api/character/%EC%95%84%EB%8D%B8/ HTTP/1.1" 200 169607
INFO 2024-10-03 20:38:08,655 basehttp 4676 5340 "GET / HTTP/1.1" 200 773
INFO 2024-10-03 20:38:25,970 basehttp 4676 7016 "GET / HTTP/1.1" 200 836
INFO 2024-10-03 20:38:26,632 basehttp 4676 7016 "GET / HTTP/1.1" 200 836
INFO 2024-10-03 20:38:32,956 basehttp 4676 7016 "GET / HTTP/1.1" 200 840
INFO 2024-10-03 20:38:33,136 basehttp 4676 7016 "GET / HTTP/1.1" 200 840
INFO 2024-10-03 20:38:34,221 basehttp 4676 11364 "GET / HTTP/1.1" 200 840
WARNING 2024-10-03 20:38:34,314 log 4676 11364 Not Found: /favicon.ico
WARNING 2024-10-03 20:38:34,317 basehttp 4676 11364 "GET /favicon.ico HTTP/1.1" 404 2673
INFO 2024-10-03 20:38:44,345 autoreload 13184 16964 Watching for file changes with StatReloader
INFO 2024-10-03 20:38:49,524 basehttp 13184 16092 "GET / HTTP/1.1" 200 840
WARNING 2024-10-03 20:38:49,603 log 13184 16092 Not Found: /favicon.ico
WARNING 2024-10-03 20:38:49,603 basehttp 13184 16092 "GET /favicon.ico HTTP/1.1" 404 2673
INFO 2024-10-03 20:38:49,706 basehttp 13184 5092 "GET /api/search/?q=%EC%95%84%EB%8D%B8 HTTP/1.1" 200 405
INFO 2024-10-03 20:40:31,193 basehttp 13184 16568 "GET / HTTP/1.1" 200 866
INFO 2024-10-03 20:40:42,633 basehttp 13184 12964 "GET / HTTP/1.1" 200 870
INFO 2024-10-03 20:40:43,298 basehttp 13184 12964 "GET / HTTP/1.1" 200 870
INFO 2024-10-03 20:41:13,412 basehttp 13184 11908 "GET / HTTP/1.1" 200 870
INFO 2024-10-03 20:41:16,022 basehttp 13184 13852 "GET / HTTP/1.1" 200 869
INFO 2024-10-03 20:41:18,196 basehttp 13184 13852 "GET / HTTP/1.1" 200 869
INFO 2024-10-03 20:41:25,446 basehttp 13184 7356 "GET / HTTP/1.1" 200 870
INFO 2024-10-03 20:41:30,253 basehttp 13184 7356 "GET / HTTP/1.1" 200 870
INFO 2024-10-03 20:41:34,070 basehttp 13184 7352 "GET / HTTP/1.1" 200 870
INFO 2024-10-03 20:41:54,715 basehttp 13184 4396 "GET / HTTP/1.1" 200 828
INFO 2024-10-03 20:42:18,965 basehttp 13184 10272 "GET / HTTP/1.1" 200 844
INFO 2024-10-03 20:43:11,635 basehttp 13184 308 "GET / HTTP/1.1" 200 947
INFO 2024-10-03 20:43:40,566 basehttp 13184 8648 "GET / HTTP/1.1" 200 844
INFO 2024-10-03 20:44:33,871 basehttp 13184 6912 "GET / HTTP/1.1" 200 857
INFO 2024-10-03 21:15:02,001 basehttp 13184 7436 "GET /api/search/?q=%EC%95%84%EB%8D%B8 HTTP/1.1" 200 405
INFO 2024-10-03 21:17:54,185 basehttp 13184 7708 "GET /character/api/character/%EC%95%84%EB%8D%B8/ HTTP/1.1" 200 169607
INFO 2024-10-03 21:37:52,563 basehttp 13184 14908 "GET / HTTP/1.1" 200 1115
INFO 2024-10-03 21:37:53,148 basehttp 13184 14908 "GET / HTTP/1.1" 200 1115
INFO 2024-10-03 21:40:02,411 autoreload 1476 3312 Watching for file changes with StatReloader
INFO 2024-10-03 21:40:05,193 basehttp 1476 17800 "GET / HTTP/1.1" 200 1115
INFO 2024-10-03 21:40:05,678 basehttp 1476 17800 "GET / HTTP/1.1" 200 1115
INFO 2024-10-03 21:48:11,579 basehttp 1476 4300 "GET / HTTP/1.1" 200 856
INFO 2024-10-03 21:48:12,172 basehttp 1476 4300 "GET / HTTP/1.1" 200 856
INFO 2024-10-03 21:48:12,958 basehttp 1476 4300 "GET / HTTP/1.1" 200 856
WARNING 2024-10-03 21:48:13,050 log 1476 4300 Not Found: /favicon.ico
WARNING 2024-10-03 21:48:13,052 basehttp 1476 4300 "GET /favicon.ico HTTP/1.1" 404 2673
INFO 2024-10-03 21:50:11,433 autoreload 1476 3312 C:\Users\user\Desktop\m\maple_info\chatbot_project\settings.py changed, reloading.
INFO 2024-10-03 21:50:12,440 autoreload 12036 13900 Watching for file changes with StatReloader
INFO 2024-10-03 21:50:19,176 autoreload 12036 13900 C:\Users\user\Desktop\m\maple_info\chatbot_project\settings.py changed, reloading.
INFO 2024-10-03 21:50:19,902 autoreload 16216 12380 Watching for file changes with StatReloader
ERROR 2024-10-03 21:50:52,624 log 16216 13184 Internal Server Error: /
Traceback (most recent call last):
  File "C:\Users\user\anaconda3\envs\m_venv\Lib\site-packages\django\template\base.py", line 510, in parse
    compile_func = self.tags[command]
                   ~~~~~~~~~^^^^^^^^^
KeyError: 'static'

During handling of the above exception, another exception occurred:

Traceback (most recent call last):
  File "C:\Users\user\anaconda3\envs\m_venv\Lib\site-packages\django\core\handlers\exception.py", line 55, in inner
    response = get_response(request)
               ^^^^^^^^^^^^^^^^^^^^^
  File "C:\Users\user\anaconda3\envs\m_venv\Lib\site-packages\django\core\handlers\base.py", line 220, in _get_response
    response = response.render()
               ^^^^^^^^^^^^^^^^^
  File "C:\Users\user\anaconda3\envs\m_venv\Lib\site-packages\django\template\response.py", line 114, in render
    self.content = self.rendered_content
                   ^^^^^^^^^^^^^^^^^^^^^
  File "C:\Users\user\anaconda3\envs\m_venv\Lib\site-packages\django\template\response.py", line 90, in rendered_content
    template = self.resolve_template(self.template_name)
               ^^^^^^^^^^^^^^^^^^^^^^^^^^^^^^^^^^^^^^^^^
  File "C:\Users\user\anaconda3\envs\m_venv\Lib\site-packages\django\template\response.py", line 72, in resolve_template
    return select_template(template, using=self.using)
           ^^^^^^^^^^^^^^^^^^^^^^^^^^^^^^^^^^^^^^^^^^^
  File "C:\Users\user\anaconda3\envs\m_venv\Lib\site-packages\django\template\loader.py", line 42, in select_template
    return engine.get_template(template_name)
           ^^^^^^^^^^^^^^^^^^^^^^^^^^^^^^^^^^
  File "C:\Users\user\anaconda3\envs\m_venv\Lib\site-packages\django\template\backends\django.py", line 79, in get_template
    return Template(self.engine.get_template(template_name), self)
                    ^^^^^^^^^^^^^^^^^^^^^^^^^^^^^^^^^^^^^^^
  File "C:\Users\user\anaconda3\envs\m_venv\Lib\site-packages\django\template\engine.py", line 177, in get_template
    template, origin = self.find_template(template_name)
                       ^^^^^^^^^^^^^^^^^^^^^^^^^^^^^^^^^
  File "C:\Users\user\anaconda3\envs\m_venv\Lib\site-packages\django\template\engine.py", line 159, in find_template
    template = loader.get_template(name, skip=skip)
               ^^^^^^^^^^^^^^^^^^^^^^^^^^^^^^^^^^^^
  File "C:\Users\user\anaconda3\envs\m_venv\Lib\site-packages\django\template\loaders\cached.py", line 57, in get_template
    template = super().get_template(template_name, skip)
               ^^^^^^^^^^^^^^^^^^^^^^^^^^^^^^^^^^^^^^^^^
  File "C:\Users\user\anaconda3\envs\m_venv\Lib\site-packages\django\template\loaders\base.py", line 28, in get_template
    return Template(
           ^^^^^^^^^
  File "C:\Users\user\anaconda3\envs\m_venv\Lib\site-packages\django\template\base.py", line 154, in __init__
    self.nodelist = self.compile_nodelist()
                    ^^^^^^^^^^^^^^^^^^^^^^^
  File "C:\Users\user\anaconda3\envs\m_venv\Lib\site-packages\django\template\base.py", line 196, in compile_nodelist
    nodelist = parser.parse()
               ^^^^^^^^^^^^^^
  File "C:\Users\user\anaconda3\envs\m_venv\Lib\site-packages\django\template\base.py", line 512, in parse
    self.invalid_block_tag(token, command, parse_until)
  File "C:\Users\user\anaconda3\envs\m_venv\Lib\site-packages\django\template\base.py", line 573, in invalid_block_tag
    raise self.error(
django.template.exceptions.TemplateSyntaxError: Invalid block tag on line 9: 'static'. Did you forget to register or load this tag?
ERROR 2024-10-03 21:50:52,639 basehttp 16216 13184 "GET / HTTP/1.1" 500 137519
ERROR 2024-10-03 21:51:38,085 log 16216 10660 Internal Server Error: /
Traceback (most recent call last):
  File "C:\Users\user\anaconda3\envs\m_venv\Lib\site-packages\django\template\base.py", line 510, in parse
    compile_func = self.tags[command]
                   ~~~~~~~~~^^^^^^^^^
KeyError: 'static'

During handling of the above exception, another exception occurred:

Traceback (most recent call last):
  File "C:\Users\user\anaconda3\envs\m_venv\Lib\site-packages\django\core\handlers\exception.py", line 55, in inner
    response = get_response(request)
               ^^^^^^^^^^^^^^^^^^^^^
  File "C:\Users\user\anaconda3\envs\m_venv\Lib\site-packages\django\core\handlers\base.py", line 220, in _get_response
    response = response.render()
               ^^^^^^^^^^^^^^^^^
  File "C:\Users\user\anaconda3\envs\m_venv\Lib\site-packages\django\template\response.py", line 114, in render
    self.content = self.rendered_content
                   ^^^^^^^^^^^^^^^^^^^^^
  File "C:\Users\user\anaconda3\envs\m_venv\Lib\site-packages\django\template\response.py", line 90, in rendered_content
    template = self.resolve_template(self.template_name)
               ^^^^^^^^^^^^^^^^^^^^^^^^^^^^^^^^^^^^^^^^^
  File "C:\Users\user\anaconda3\envs\m_venv\Lib\site-packages\django\template\response.py", line 72, in resolve_template
    return select_template(template, using=self.using)
           ^^^^^^^^^^^^^^^^^^^^^^^^^^^^^^^^^^^^^^^^^^^
  File "C:\Users\user\anaconda3\envs\m_venv\Lib\site-packages\django\template\loader.py", line 42, in select_template
    return engine.get_template(template_name)
           ^^^^^^^^^^^^^^^^^^^^^^^^^^^^^^^^^^
  File "C:\Users\user\anaconda3\envs\m_venv\Lib\site-packages\django\template\backends\django.py", line 79, in get_template
    return Template(self.engine.get_template(template_name), self)
                    ^^^^^^^^^^^^^^^^^^^^^^^^^^^^^^^^^^^^^^^
  File "C:\Users\user\anaconda3\envs\m_venv\Lib\site-packages\django\template\engine.py", line 177, in get_template
    template, origin = self.find_template(template_name)
                       ^^^^^^^^^^^^^^^^^^^^^^^^^^^^^^^^^
  File "C:\Users\user\anaconda3\envs\m_venv\Lib\site-packages\django\template\engine.py", line 159, in find_template
    template = loader.get_template(name, skip=skip)
               ^^^^^^^^^^^^^^^^^^^^^^^^^^^^^^^^^^^^
  File "C:\Users\user\anaconda3\envs\m_venv\Lib\site-packages\django\template\loaders\cached.py", line 57, in get_template
    template = super().get_template(template_name, skip)
               ^^^^^^^^^^^^^^^^^^^^^^^^^^^^^^^^^^^^^^^^^
  File "C:\Users\user\anaconda3\envs\m_venv\Lib\site-packages\django\template\loaders\base.py", line 28, in get_template
    return Template(
           ^^^^^^^^^
  File "C:\Users\user\anaconda3\envs\m_venv\Lib\site-packages\django\template\base.py", line 154, in __init__
    self.nodelist = self.compile_nodelist()
                    ^^^^^^^^^^^^^^^^^^^^^^^
  File "C:\Users\user\anaconda3\envs\m_venv\Lib\site-packages\django\template\base.py", line 196, in compile_nodelist
    nodelist = parser.parse()
               ^^^^^^^^^^^^^^
  File "C:\Users\user\anaconda3\envs\m_venv\Lib\site-packages\django\template\base.py", line 512, in parse
    self.invalid_block_tag(token, command, parse_until)
  File "C:\Users\user\anaconda3\envs\m_venv\Lib\site-packages\django\template\base.py", line 573, in invalid_block_tag
    raise self.error(
django.template.exceptions.TemplateSyntaxError: Invalid block tag on line 9: 'static'. Did you forget to register or load this tag?
ERROR 2024-10-03 21:51:38,093 basehttp 16216 10660 "GET / HTTP/1.1" 500 137547
ERROR 2024-10-03 21:51:39,356 log 16216 10660 Internal Server Error: /
Traceback (most recent call last):
  File "C:\Users\user\anaconda3\envs\m_venv\Lib\site-packages\django\template\base.py", line 510, in parse
    compile_func = self.tags[command]
                   ~~~~~~~~~^^^^^^^^^
KeyError: 'static'

During handling of the above exception, another exception occurred:

Traceback (most recent call last):
  File "C:\Users\user\anaconda3\envs\m_venv\Lib\site-packages\django\core\handlers\exception.py", line 55, in inner
    response = get_response(request)
               ^^^^^^^^^^^^^^^^^^^^^
  File "C:\Users\user\anaconda3\envs\m_venv\Lib\site-packages\django\core\handlers\base.py", line 220, in _get_response
    response = response.render()
               ^^^^^^^^^^^^^^^^^
  File "C:\Users\user\anaconda3\envs\m_venv\Lib\site-packages\django\template\response.py", line 114, in render
    self.content = self.rendered_content
                   ^^^^^^^^^^^^^^^^^^^^^
  File "C:\Users\user\anaconda3\envs\m_venv\Lib\site-packages\django\template\response.py", line 90, in rendered_content
    template = self.resolve_template(self.template_name)
               ^^^^^^^^^^^^^^^^^^^^^^^^^^^^^^^^^^^^^^^^^
  File "C:\Users\user\anaconda3\envs\m_venv\Lib\site-packages\django\template\response.py", line 72, in resolve_template
    return select_template(template, using=self.using)
           ^^^^^^^^^^^^^^^^^^^^^^^^^^^^^^^^^^^^^^^^^^^
  File "C:\Users\user\anaconda3\envs\m_venv\Lib\site-packages\django\template\loader.py", line 42, in select_template
    return engine.get_template(template_name)
           ^^^^^^^^^^^^^^^^^^^^^^^^^^^^^^^^^^
  File "C:\Users\user\anaconda3\envs\m_venv\Lib\site-packages\django\template\backends\django.py", line 79, in get_template
    return Template(self.engine.get_template(template_name), self)
                    ^^^^^^^^^^^^^^^^^^^^^^^^^^^^^^^^^^^^^^^
  File "C:\Users\user\anaconda3\envs\m_venv\Lib\site-packages\django\template\engine.py", line 177, in get_template
    template, origin = self.find_template(template_name)
                       ^^^^^^^^^^^^^^^^^^^^^^^^^^^^^^^^^
  File "C:\Users\user\anaconda3\envs\m_venv\Lib\site-packages\django\template\engine.py", line 159, in find_template
    template = loader.get_template(name, skip=skip)
               ^^^^^^^^^^^^^^^^^^^^^^^^^^^^^^^^^^^^
  File "C:\Users\user\anaconda3\envs\m_venv\Lib\site-packages\django\template\loaders\cached.py", line 57, in get_template
    template = super().get_template(template_name, skip)
               ^^^^^^^^^^^^^^^^^^^^^^^^^^^^^^^^^^^^^^^^^
  File "C:\Users\user\anaconda3\envs\m_venv\Lib\site-packages\django\template\loaders\base.py", line 28, in get_template
    return Template(
           ^^^^^^^^^
  File "C:\Users\user\anaconda3\envs\m_venv\Lib\site-packages\django\template\base.py", line 154, in __init__
    self.nodelist = self.compile_nodelist()
                    ^^^^^^^^^^^^^^^^^^^^^^^
  File "C:\Users\user\anaconda3\envs\m_venv\Lib\site-packages\django\template\base.py", line 196, in compile_nodelist
    nodelist = parser.parse()
               ^^^^^^^^^^^^^^
  File "C:\Users\user\anaconda3\envs\m_venv\Lib\site-packages\django\template\base.py", line 512, in parse
    self.invalid_block_tag(token, command, parse_until)
  File "C:\Users\user\anaconda3\envs\m_venv\Lib\site-packages\django\template\base.py", line 573, in invalid_block_tag
    raise self.error(
django.template.exceptions.TemplateSyntaxError: Invalid block tag on line 9: 'static'. Did you forget to register or load this tag?
ERROR 2024-10-03 21:51:39,362 basehttp 16216 10660 "GET / HTTP/1.1" 500 137547
ERROR 2024-10-03 21:53:04,385 log 16216 16568 Internal Server Error: /
Traceback (most recent call last):
  File "C:\Users\user\anaconda3\envs\m_venv\Lib\site-packages\django\template\base.py", line 510, in parse
    compile_func = self.tags[command]
                   ~~~~~~~~~^^^^^^^^^
KeyError: 'static'

During handling of the above exception, another exception occurred:

Traceback (most recent call last):
  File "C:\Users\user\anaconda3\envs\m_venv\Lib\site-packages\django\core\handlers\exception.py", line 55, in inner
    response = get_response(request)
               ^^^^^^^^^^^^^^^^^^^^^
  File "C:\Users\user\anaconda3\envs\m_venv\Lib\site-packages\django\core\handlers\base.py", line 220, in _get_response
    response = response.render()
               ^^^^^^^^^^^^^^^^^
  File "C:\Users\user\anaconda3\envs\m_venv\Lib\site-packages\django\template\response.py", line 114, in render
    self.content = self.rendered_content
                   ^^^^^^^^^^^^^^^^^^^^^
  File "C:\Users\user\anaconda3\envs\m_venv\Lib\site-packages\django\template\response.py", line 90, in rendered_content
    template = self.resolve_template(self.template_name)
               ^^^^^^^^^^^^^^^^^^^^^^^^^^^^^^^^^^^^^^^^^
  File "C:\Users\user\anaconda3\envs\m_venv\Lib\site-packages\django\template\response.py", line 72, in resolve_template
    return select_template(template, using=self.using)
           ^^^^^^^^^^^^^^^^^^^^^^^^^^^^^^^^^^^^^^^^^^^
  File "C:\Users\user\anaconda3\envs\m_venv\Lib\site-packages\django\template\loader.py", line 42, in select_template
    return engine.get_template(template_name)
           ^^^^^^^^^^^^^^^^^^^^^^^^^^^^^^^^^^
  File "C:\Users\user\anaconda3\envs\m_venv\Lib\site-packages\django\template\backends\django.py", line 79, in get_template
    return Template(self.engine.get_template(template_name), self)
                    ^^^^^^^^^^^^^^^^^^^^^^^^^^^^^^^^^^^^^^^
  File "C:\Users\user\anaconda3\envs\m_venv\Lib\site-packages\django\template\engine.py", line 177, in get_template
    template, origin = self.find_template(template_name)
                       ^^^^^^^^^^^^^^^^^^^^^^^^^^^^^^^^^
  File "C:\Users\user\anaconda3\envs\m_venv\Lib\site-packages\django\template\engine.py", line 159, in find_template
    template = loader.get_template(name, skip=skip)
               ^^^^^^^^^^^^^^^^^^^^^^^^^^^^^^^^^^^^
  File "C:\Users\user\anaconda3\envs\m_venv\Lib\site-packages\django\template\loaders\cached.py", line 57, in get_template
    template = super().get_template(template_name, skip)
               ^^^^^^^^^^^^^^^^^^^^^^^^^^^^^^^^^^^^^^^^^
  File "C:\Users\user\anaconda3\envs\m_venv\Lib\site-packages\django\template\loaders\base.py", line 28, in get_template
    return Template(
           ^^^^^^^^^
  File "C:\Users\user\anaconda3\envs\m_venv\Lib\site-packages\django\template\base.py", line 154, in __init__
    self.nodelist = self.compile_nodelist()
                    ^^^^^^^^^^^^^^^^^^^^^^^
  File "C:\Users\user\anaconda3\envs\m_venv\Lib\site-packages\django\template\base.py", line 196, in compile_nodelist
    nodelist = parser.parse()
               ^^^^^^^^^^^^^^
  File "C:\Users\user\anaconda3\envs\m_venv\Lib\site-packages\django\template\base.py", line 512, in parse
    self.invalid_block_tag(token, command, parse_until)
  File "C:\Users\user\anaconda3\envs\m_venv\Lib\site-packages\django\template\base.py", line 573, in invalid_block_tag
    raise self.error(
django.template.exceptions.TemplateSyntaxError: Invalid block tag on line 9: 'static'. Did you forget to register or load this tag?
ERROR 2024-10-03 21:53:04,392 basehttp 16216 16568 "GET / HTTP/1.1" 500 137523
ERROR 2024-10-03 21:53:35,313 log 16216 16568 Internal Server Error: /
Traceback (most recent call last):
  File "C:\Users\user\anaconda3\envs\m_venv\Lib\site-packages\django\template\base.py", line 510, in parse
    compile_func = self.tags[command]
                   ~~~~~~~~~^^^^^^^^^
KeyError: 'static'

During handling of the above exception, another exception occurred:

Traceback (most recent call last):
  File "C:\Users\user\anaconda3\envs\m_venv\Lib\site-packages\django\core\handlers\exception.py", line 55, in inner
    response = get_response(request)
               ^^^^^^^^^^^^^^^^^^^^^
  File "C:\Users\user\anaconda3\envs\m_venv\Lib\site-packages\django\core\handlers\base.py", line 220, in _get_response
    response = response.render()
               ^^^^^^^^^^^^^^^^^
  File "C:\Users\user\anaconda3\envs\m_venv\Lib\site-packages\django\template\response.py", line 114, in render
    self.content = self.rendered_content
                   ^^^^^^^^^^^^^^^^^^^^^
  File "C:\Users\user\anaconda3\envs\m_venv\Lib\site-packages\django\template\response.py", line 90, in rendered_content
    template = self.resolve_template(self.template_name)
               ^^^^^^^^^^^^^^^^^^^^^^^^^^^^^^^^^^^^^^^^^
  File "C:\Users\user\anaconda3\envs\m_venv\Lib\site-packages\django\template\response.py", line 72, in resolve_template
    return select_template(template, using=self.using)
           ^^^^^^^^^^^^^^^^^^^^^^^^^^^^^^^^^^^^^^^^^^^
  File "C:\Users\user\anaconda3\envs\m_venv\Lib\site-packages\django\template\loader.py", line 42, in select_template
    return engine.get_template(template_name)
           ^^^^^^^^^^^^^^^^^^^^^^^^^^^^^^^^^^
  File "C:\Users\user\anaconda3\envs\m_venv\Lib\site-packages\django\template\backends\django.py", line 79, in get_template
    return Template(self.engine.get_template(template_name), self)
                    ^^^^^^^^^^^^^^^^^^^^^^^^^^^^^^^^^^^^^^^
  File "C:\Users\user\anaconda3\envs\m_venv\Lib\site-packages\django\template\engine.py", line 177, in get_template
    template, origin = self.find_template(template_name)
                       ^^^^^^^^^^^^^^^^^^^^^^^^^^^^^^^^^
  File "C:\Users\user\anaconda3\envs\m_venv\Lib\site-packages\django\template\engine.py", line 159, in find_template
    template = loader.get_template(name, skip=skip)
               ^^^^^^^^^^^^^^^^^^^^^^^^^^^^^^^^^^^^
  File "C:\Users\user\anaconda3\envs\m_venv\Lib\site-packages\django\template\loaders\cached.py", line 57, in get_template
    template = super().get_template(template_name, skip)
               ^^^^^^^^^^^^^^^^^^^^^^^^^^^^^^^^^^^^^^^^^
  File "C:\Users\user\anaconda3\envs\m_venv\Lib\site-packages\django\template\loaders\base.py", line 28, in get_template
    return Template(
           ^^^^^^^^^
  File "C:\Users\user\anaconda3\envs\m_venv\Lib\site-packages\django\template\base.py", line 154, in __init__
    self.nodelist = self.compile_nodelist()
                    ^^^^^^^^^^^^^^^^^^^^^^^
  File "C:\Users\user\anaconda3\envs\m_venv\Lib\site-packages\django\template\base.py", line 196, in compile_nodelist
    nodelist = parser.parse()
               ^^^^^^^^^^^^^^
  File "C:\Users\user\anaconda3\envs\m_venv\Lib\site-packages\django\template\base.py", line 512, in parse
    self.invalid_block_tag(token, command, parse_until)
  File "C:\Users\user\anaconda3\envs\m_venv\Lib\site-packages\django\template\base.py", line 573, in invalid_block_tag
    raise self.error(
django.template.exceptions.TemplateSyntaxError: Invalid block tag on line 9: 'static'. Did you forget to register or load this tag?
ERROR 2024-10-03 21:53:35,319 basehttp 16216 16568 "GET / HTTP/1.1" 500 137519
ERROR 2024-10-03 21:53:36,517 log 16216 16568 Internal Server Error: /
Traceback (most recent call last):
  File "C:\Users\user\anaconda3\envs\m_venv\Lib\site-packages\django\template\base.py", line 510, in parse
    compile_func = self.tags[command]
                   ~~~~~~~~~^^^^^^^^^
KeyError: 'static'

During handling of the above exception, another exception occurred:

Traceback (most recent call last):
  File "C:\Users\user\anaconda3\envs\m_venv\Lib\site-packages\django\core\handlers\exception.py", line 55, in inner
    response = get_response(request)
               ^^^^^^^^^^^^^^^^^^^^^
  File "C:\Users\user\anaconda3\envs\m_venv\Lib\site-packages\django\core\handlers\base.py", line 220, in _get_response
    response = response.render()
               ^^^^^^^^^^^^^^^^^
  File "C:\Users\user\anaconda3\envs\m_venv\Lib\site-packages\django\template\response.py", line 114, in render
    self.content = self.rendered_content
                   ^^^^^^^^^^^^^^^^^^^^^
  File "C:\Users\user\anaconda3\envs\m_venv\Lib\site-packages\django\template\response.py", line 90, in rendered_content
    template = self.resolve_template(self.template_name)
               ^^^^^^^^^^^^^^^^^^^^^^^^^^^^^^^^^^^^^^^^^
  File "C:\Users\user\anaconda3\envs\m_venv\Lib\site-packages\django\template\response.py", line 72, in resolve_template
    return select_template(template, using=self.using)
           ^^^^^^^^^^^^^^^^^^^^^^^^^^^^^^^^^^^^^^^^^^^
  File "C:\Users\user\anaconda3\envs\m_venv\Lib\site-packages\django\template\loader.py", line 42, in select_template
    return engine.get_template(template_name)
           ^^^^^^^^^^^^^^^^^^^^^^^^^^^^^^^^^^
  File "C:\Users\user\anaconda3\envs\m_venv\Lib\site-packages\django\template\backends\django.py", line 79, in get_template
    return Template(self.engine.get_template(template_name), self)
                    ^^^^^^^^^^^^^^^^^^^^^^^^^^^^^^^^^^^^^^^
  File "C:\Users\user\anaconda3\envs\m_venv\Lib\site-packages\django\template\engine.py", line 177, in get_template
    template, origin = self.find_template(template_name)
                       ^^^^^^^^^^^^^^^^^^^^^^^^^^^^^^^^^
  File "C:\Users\user\anaconda3\envs\m_venv\Lib\site-packages\django\template\engine.py", line 159, in find_template
    template = loader.get_template(name, skip=skip)
               ^^^^^^^^^^^^^^^^^^^^^^^^^^^^^^^^^^^^
  File "C:\Users\user\anaconda3\envs\m_venv\Lib\site-packages\django\template\loaders\cached.py", line 57, in get_template
    template = super().get_template(template_name, skip)
               ^^^^^^^^^^^^^^^^^^^^^^^^^^^^^^^^^^^^^^^^^
  File "C:\Users\user\anaconda3\envs\m_venv\Lib\site-packages\django\template\loaders\base.py", line 28, in get_template
    return Template(
           ^^^^^^^^^
  File "C:\Users\user\anaconda3\envs\m_venv\Lib\site-packages\django\template\base.py", line 154, in __init__
    self.nodelist = self.compile_nodelist()
                    ^^^^^^^^^^^^^^^^^^^^^^^
  File "C:\Users\user\anaconda3\envs\m_venv\Lib\site-packages\django\template\base.py", line 196, in compile_nodelist
    nodelist = parser.parse()
               ^^^^^^^^^^^^^^
  File "C:\Users\user\anaconda3\envs\m_venv\Lib\site-packages\django\template\base.py", line 512, in parse
    self.invalid_block_tag(token, command, parse_until)
  File "C:\Users\user\anaconda3\envs\m_venv\Lib\site-packages\django\template\base.py", line 573, in invalid_block_tag
    raise self.error(
django.template.exceptions.TemplateSyntaxError: Invalid block tag on line 9: 'static'. Did you forget to register or load this tag?
ERROR 2024-10-03 21:53:36,522 basehttp 16216 16568 "GET / HTTP/1.1" 500 137647
WARNING 2024-10-03 21:53:36,745 log 16216 16568 Not Found: /favicon.ico
WARNING 2024-10-03 21:53:36,746 basehttp 16216 16568 "GET /favicon.ico HTTP/1.1" 404 2673
INFO 2024-10-03 21:53:54,980 autoreload 16216 12380 C:\Users\user\Desktop\m\maple_info\chatbot_project\settings.py changed, reloading.
INFO 2024-10-03 21:53:55,761 autoreload 15328 9748 Watching for file changes with StatReloader
ERROR 2024-10-03 21:53:56,788 log 15328 8008 Internal Server Error: /
Traceback (most recent call last):
  File "C:\Users\user\anaconda3\envs\m_venv\Lib\site-packages\django\template\base.py", line 510, in parse
    compile_func = self.tags[command]
                   ~~~~~~~~~^^^^^^^^^
KeyError: 'static'

During handling of the above exception, another exception occurred:

Traceback (most recent call last):
  File "C:\Users\user\anaconda3\envs\m_venv\Lib\site-packages\django\core\handlers\exception.py", line 55, in inner
    response = get_response(request)
               ^^^^^^^^^^^^^^^^^^^^^
  File "C:\Users\user\anaconda3\envs\m_venv\Lib\site-packages\django\core\handlers\base.py", line 220, in _get_response
    response = response.render()
               ^^^^^^^^^^^^^^^^^
  File "C:\Users\user\anaconda3\envs\m_venv\Lib\site-packages\django\template\response.py", line 114, in render
    self.content = self.rendered_content
                   ^^^^^^^^^^^^^^^^^^^^^
  File "C:\Users\user\anaconda3\envs\m_venv\Lib\site-packages\django\template\response.py", line 90, in rendered_content
    template = self.resolve_template(self.template_name)
               ^^^^^^^^^^^^^^^^^^^^^^^^^^^^^^^^^^^^^^^^^
  File "C:\Users\user\anaconda3\envs\m_venv\Lib\site-packages\django\template\response.py", line 72, in resolve_template
    return select_template(template, using=self.using)
           ^^^^^^^^^^^^^^^^^^^^^^^^^^^^^^^^^^^^^^^^^^^
  File "C:\Users\user\anaconda3\envs\m_venv\Lib\site-packages\django\template\loader.py", line 42, in select_template
    return engine.get_template(template_name)
           ^^^^^^^^^^^^^^^^^^^^^^^^^^^^^^^^^^
  File "C:\Users\user\anaconda3\envs\m_venv\Lib\site-packages\django\template\backends\django.py", line 79, in get_template
    return Template(self.engine.get_template(template_name), self)
                    ^^^^^^^^^^^^^^^^^^^^^^^^^^^^^^^^^^^^^^^
  File "C:\Users\user\anaconda3\envs\m_venv\Lib\site-packages\django\template\engine.py", line 177, in get_template
    template, origin = self.find_template(template_name)
                       ^^^^^^^^^^^^^^^^^^^^^^^^^^^^^^^^^
  File "C:\Users\user\anaconda3\envs\m_venv\Lib\site-packages\django\template\engine.py", line 159, in find_template
    template = loader.get_template(name, skip=skip)
               ^^^^^^^^^^^^^^^^^^^^^^^^^^^^^^^^^^^^
  File "C:\Users\user\anaconda3\envs\m_venv\Lib\site-packages\django\template\loaders\cached.py", line 57, in get_template
    template = super().get_template(template_name, skip)
               ^^^^^^^^^^^^^^^^^^^^^^^^^^^^^^^^^^^^^^^^^
  File "C:\Users\user\anaconda3\envs\m_venv\Lib\site-packages\django\template\loaders\base.py", line 28, in get_template
    return Template(
           ^^^^^^^^^
  File "C:\Users\user\anaconda3\envs\m_venv\Lib\site-packages\django\template\base.py", line 154, in __init__
    self.nodelist = self.compile_nodelist()
                    ^^^^^^^^^^^^^^^^^^^^^^^
  File "C:\Users\user\anaconda3\envs\m_venv\Lib\site-packages\django\template\base.py", line 196, in compile_nodelist
    nodelist = parser.parse()
               ^^^^^^^^^^^^^^
  File "C:\Users\user\anaconda3\envs\m_venv\Lib\site-packages\django\template\base.py", line 512, in parse
    self.invalid_block_tag(token, command, parse_until)
  File "C:\Users\user\anaconda3\envs\m_venv\Lib\site-packages\django\template\base.py", line 573, in invalid_block_tag
    raise self.error(
django.template.exceptions.TemplateSyntaxError: Invalid block tag on line 9: 'static'. Did you forget to register or load this tag?
ERROR 2024-10-03 21:53:56,798 basehttp 15328 8008 "GET / HTTP/1.1" 500 137519
INFO 2024-10-03 21:54:00,266 autoreload 15328 9748 C:\Users\user\Desktop\m\maple_info\chatbot_project\settings.py changed, reloading.
INFO 2024-10-03 21:54:01,053 autoreload 4672 17128 Watching for file changes with StatReloader
ERROR 2024-10-03 21:54:01,989 log 4672 14340 Internal Server Error: /
Traceback (most recent call last):
  File "C:\Users\user\anaconda3\envs\m_venv\Lib\site-packages\django\template\base.py", line 510, in parse
    compile_func = self.tags[command]
                   ~~~~~~~~~^^^^^^^^^
KeyError: 'static'

During handling of the above exception, another exception occurred:

Traceback (most recent call last):
  File "C:\Users\user\anaconda3\envs\m_venv\Lib\site-packages\django\core\handlers\exception.py", line 55, in inner
    response = get_response(request)
               ^^^^^^^^^^^^^^^^^^^^^
  File "C:\Users\user\anaconda3\envs\m_venv\Lib\site-packages\django\core\handlers\base.py", line 220, in _get_response
    response = response.render()
               ^^^^^^^^^^^^^^^^^
  File "C:\Users\user\anaconda3\envs\m_venv\Lib\site-packages\django\template\response.py", line 114, in render
    self.content = self.rendered_content
                   ^^^^^^^^^^^^^^^^^^^^^
  File "C:\Users\user\anaconda3\envs\m_venv\Lib\site-packages\django\template\response.py", line 90, in rendered_content
    template = self.resolve_template(self.template_name)
               ^^^^^^^^^^^^^^^^^^^^^^^^^^^^^^^^^^^^^^^^^
  File "C:\Users\user\anaconda3\envs\m_venv\Lib\site-packages\django\template\response.py", line 72, in resolve_template
    return select_template(template, using=self.using)
           ^^^^^^^^^^^^^^^^^^^^^^^^^^^^^^^^^^^^^^^^^^^
  File "C:\Users\user\anaconda3\envs\m_venv\Lib\site-packages\django\template\loader.py", line 42, in select_template
    return engine.get_template(template_name)
           ^^^^^^^^^^^^^^^^^^^^^^^^^^^^^^^^^^
  File "C:\Users\user\anaconda3\envs\m_venv\Lib\site-packages\django\template\backends\django.py", line 79, in get_template
    return Template(self.engine.get_template(template_name), self)
                    ^^^^^^^^^^^^^^^^^^^^^^^^^^^^^^^^^^^^^^^
  File "C:\Users\user\anaconda3\envs\m_venv\Lib\site-packages\django\template\engine.py", line 177, in get_template
    template, origin = self.find_template(template_name)
                       ^^^^^^^^^^^^^^^^^^^^^^^^^^^^^^^^^
  File "C:\Users\user\anaconda3\envs\m_venv\Lib\site-packages\django\template\engine.py", line 159, in find_template
    template = loader.get_template(name, skip=skip)
               ^^^^^^^^^^^^^^^^^^^^^^^^^^^^^^^^^^^^
  File "C:\Users\user\anaconda3\envs\m_venv\Lib\site-packages\django\template\loaders\cached.py", line 57, in get_template
    template = super().get_template(template_name, skip)
               ^^^^^^^^^^^^^^^^^^^^^^^^^^^^^^^^^^^^^^^^^
  File "C:\Users\user\anaconda3\envs\m_venv\Lib\site-packages\django\template\loaders\base.py", line 28, in get_template
    return Template(
           ^^^^^^^^^
  File "C:\Users\user\anaconda3\envs\m_venv\Lib\site-packages\django\template\base.py", line 154, in __init__
    self.nodelist = self.compile_nodelist()
                    ^^^^^^^^^^^^^^^^^^^^^^^
  File "C:\Users\user\anaconda3\envs\m_venv\Lib\site-packages\django\template\base.py", line 196, in compile_nodelist
    nodelist = parser.parse()
               ^^^^^^^^^^^^^^
  File "C:\Users\user\anaconda3\envs\m_venv\Lib\site-packages\django\template\base.py", line 512, in parse
    self.invalid_block_tag(token, command, parse_until)
  File "C:\Users\user\anaconda3\envs\m_venv\Lib\site-packages\django\template\base.py", line 573, in invalid_block_tag
    raise self.error(
django.template.exceptions.TemplateSyntaxError: Invalid block tag on line 9: 'static'. Did you forget to register or load this tag?
ERROR 2024-10-03 21:54:02,001 basehttp 4672 14340 "GET / HTTP/1.1" 500 137519
INFO 2024-10-03 21:56:10,516 basehttp 4672 4632 "GET / HTTP/1.1" 200 911
WARNING 2024-10-03 21:56:10,533 basehttp 4672 4632 "GET /static/css/home/css HTTP/1.1" 404 1850
INFO 2024-10-03 21:56:12,332 basehttp 4672 12532 "GET / HTTP/1.1" 200 911
WARNING 2024-10-03 21:56:12,350 basehttp 4672 12532 "GET /static/css/home/css HTTP/1.1" 404 1850
WARNING 2024-10-03 21:56:12,408 log 4672 2156 Not Found: /favicon.ico
WARNING 2024-10-03 21:56:12,410 basehttp 4672 2156 "GET /favicon.ico HTTP/1.1" 404 2673
INFO 2024-10-03 21:56:30,743 basehttp 4672 1472 "GET / HTTP/1.1" 200 911
WARNING 2024-10-03 21:56:30,756 basehttp 4672 1472 "GET /static/css/home/css HTTP/1.1" 404 1850
INFO 2024-10-03 21:56:31,353 basehttp 4672 14056 "GET / HTTP/1.1" 200 911
WARNING 2024-10-03 21:56:31,370 basehttp 4672 14056 "GET /static/css/home/css HTTP/1.1" 404 1850
INFO 2024-10-03 21:56:32,140 basehttp 4672 996 "GET / HTTP/1.1" 200 911
WARNING 2024-10-03 21:56:32,157 basehttp 4672 996 "GET /static/css/home/css HTTP/1.1" 404 1850
WARNING 2024-10-03 21:56:32,238 log 4672 12140 Not Found: /favicon.ico
WARNING 2024-10-03 21:56:32,239 basehttp 4672 12140 "GET /favicon.ico HTTP/1.1" 404 2673
INFO 2024-10-03 21:56:48,201 basehttp 4672 6920 "GET / HTTP/1.1" 200 911
WARNING 2024-10-03 21:56:48,220 basehttp 4672 6920 "GET /static/css/home/css HTTP/1.1" 404 1850
INFO 2024-10-03 21:56:49,454 basehttp 4672 1900 "GET / HTTP/1.1" 200 911
WARNING 2024-10-03 21:56:49,469 basehttp 4672 1900 "GET /static/css/home/css HTTP/1.1" 404 1850
INFO 2024-10-03 21:56:50,853 basehttp 4672 14352 "GET / HTTP/1.1" 200 911
WARNING 2024-10-03 21:56:50,870 basehttp 4672 14352 "GET /static/css/home/css HTTP/1.1" 404 1850
WARNING 2024-10-03 21:56:50,939 log 4672 7420 Not Found: /favicon.ico
WARNING 2024-10-03 21:56:50,939 basehttp 4672 7420 "GET /favicon.ico HTTP/1.1" 404 2673
INFO 2024-10-03 21:56:55,271 basehttp 4672 7420 "GET / HTTP/1.1" 200 911
WARNING 2024-10-03 21:56:55,282 basehttp 4672 7420 "GET /static/css/home/css HTTP/1.1" 404 1850
INFO 2024-10-03 21:56:56,081 basehttp 4672 8260 "GET / HTTP/1.1" 200 911
WARNING 2024-10-03 21:56:56,094 basehttp 4672 8260 "GET /static/css/home/css HTTP/1.1" 404 1850
INFO 2024-10-03 21:56:57,058 basehttp 4672 18340 "GET / HTTP/1.1" 200 911
WARNING 2024-10-03 21:56:57,075 basehttp 4672 18340 "GET /static/css/home/css HTTP/1.1" 404 1850
WARNING 2024-10-03 21:56:57,137 log 4672 16752 Not Found: /favicon.ico
WARNING 2024-10-03 21:56:57,138 basehttp 4672 16752 "GET /favicon.ico HTTP/1.1" 404 2673
INFO 2024-10-03 21:57:08,803 basehttp 4672 16752 "GET / HTTP/1.1" 200 911
WARNING 2024-10-03 21:57:08,824 basehttp 4672 16752 "GET /static/css/home/css HTTP/1.1" 404 1850
INFO 2024-10-03 21:57:10,067 basehttp 4672 10480 "GET / HTTP/1.1" 200 911
WARNING 2024-10-03 21:57:10,095 basehttp 4672 10480 "GET /static/css/home/css HTTP/1.1" 404 1850
WARNING 2024-10-03 21:57:10,148 log 4672 17164 Not Found: /favicon.ico
WARNING 2024-10-03 21:57:10,149 basehttp 4672 17164 "GET /favicon.ico HTTP/1.1" 404 2673
INFO 2024-10-03 21:57:13,644 basehttp 4672 17164 "GET / HTTP/1.1" 200 911
WARNING 2024-10-03 21:57:13,661 basehttp 4672 17164 "GET /static/css/home/css HTTP/1.1" 404 1850
INFO 2024-10-03 21:57:14,540 basehttp 4672 3656 "GET / HTTP/1.1" 200 911
WARNING 2024-10-03 21:57:14,555 basehttp 4672 3656 "GET /static/css/home/css HTTP/1.1" 404 1850
WARNING 2024-10-03 21:57:14,603 log 4672 9596 Not Found: /favicon.ico
WARNING 2024-10-03 21:57:14,604 basehttp 4672 9596 "GET /favicon.ico HTTP/1.1" 404 2673
INFO 2024-10-03 21:57:19,467 autoreload 16680 13720 Watching for file changes with StatReloader
INFO 2024-10-03 21:57:21,239 basehttp 16680 16344 "GET / HTTP/1.1" 200 911
WARNING 2024-10-03 21:57:21,298 basehttp 16680 16344 "GET /static/css/home/css HTTP/1.1" 404 1850
INFO 2024-10-03 21:59:59,392 basehttp 16680 13964 "GET / HTTP/1.1" 200 911
WARNING 2024-10-03 21:59:59,404 basehttp 16680 13964 "GET /static/css/home/css HTTP/1.1" 404 1850
INFO 2024-10-03 22:00:00,087 basehttp 16680 14624 "GET / HTTP/1.1" 200 911
WARNING 2024-10-03 22:00:00,100 basehttp 16680 14624 "GET /static/css/home/css HTTP/1.1" 404 1850
INFO 2024-10-03 22:00:01,729 basehttp 16680 14140 "GET / HTTP/1.1" 200 911
WARNING 2024-10-03 22:00:01,745 basehttp 16680 14140 "GET /static/css/home/css HTTP/1.1" 404 1850
INFO 2024-10-03 22:00:01,896 basehttp 16680 4616 "GET / HTTP/1.1" 200 911
WARNING 2024-10-03 22:00:01,907 basehttp 16680 4616 "GET /static/css/home/css HTTP/1.1" 404 1850
INFO 2024-10-03 22:00:02,063 basehttp 16680 4232 "GET / HTTP/1.1" 200 911
WARNING 2024-10-03 22:00:02,076 basehttp 16680 4232 "GET /static/css/home/css HTTP/1.1" 404 1850
INFO 2024-10-03 22:00:07,760 basehttp 16680 15084 "GET / HTTP/1.1" 200 911
WARNING 2024-10-03 22:00:07,771 basehttp 16680 15084 "GET /static/css/home/css HTTP/1.1" 404 1850
INFO 2024-10-03 22:00:59,738 basehttp 16680 8780 "GET / HTTP/1.1" 200 959
WARNING 2024-10-03 22:00:59,747 basehttp 16680 8780 "GET /static/css/home/css HTTP/1.1" 404 1850
WARNING 2024-10-03 22:00:59,753 log 16680 17732 Not Found: /image/rimen.png
WARNING 2024-10-03 22:00:59,754 basehttp 16680 17732 "GET /image/rimen.png HTTP/1.1" 404 2685
INFO 2024-10-03 22:01:00,695 basehttp 16680 17732 "GET / HTTP/1.1" 200 959
WARNING 2024-10-03 22:01:00,712 basehttp 16680 17732 "GET /static/css/home/css HTTP/1.1" 404 1850
WARNING 2024-10-03 22:01:00,719 log 16680 14544 Not Found: /image/rimen.png
WARNING 2024-10-03 22:01:00,721 basehttp 16680 14544 "GET /image/rimen.png HTTP/1.1" 404 2685
INFO 2024-10-03 22:01:00,863 basehttp 16680 14544 "GET / HTTP/1.1" 200 959
WARNING 2024-10-03 22:01:00,878 basehttp 16680 14544 "GET /static/css/home/css HTTP/1.1" 404 1850
WARNING 2024-10-03 22:01:00,882 log 16680 13832 Not Found: /image/rimen.png
WARNING 2024-10-03 22:01:00,883 basehttp 16680 13832 "GET /image/rimen.png HTTP/1.1" 404 2685
INFO 2024-10-03 22:01:01,040 basehttp 16680 13832 "GET / HTTP/1.1" 200 959
WARNING 2024-10-03 22:01:01,053 basehttp 16680 13832 "GET /static/css/home/css HTTP/1.1" 404 1850
WARNING 2024-10-03 22:01:01,058 log 16680 18152 Not Found: /image/rimen.png
WARNING 2024-10-03 22:01:01,060 basehttp 16680 18152 "GET /image/rimen.png HTTP/1.1" 404 2685
INFO 2024-10-03 22:01:01,214 basehttp 16680 18152 "GET / HTTP/1.1" 200 959
WARNING 2024-10-03 22:01:01,231 log 16680 1616 Not Found: /image/rimen.png
WARNING 2024-10-03 22:01:01,231 basehttp 16680 18152 "GET /static/css/home/css HTTP/1.1" 404 1850
WARNING 2024-10-03 22:01:01,233 basehttp 16680 1616 "GET /image/rimen.png HTTP/1.1" 404 2685
INFO 2024-10-03 22:01:15,815 basehttp 16680 1616 "GET / HTTP/1.1" 200 966
WARNING 2024-10-03 22:01:15,826 basehttp 16680 1616 "GET /static/css/home/css HTTP/1.1" 404 1850
INFO 2024-10-03 22:01:15,983 basehttp 16680 9924 "GET /static/image/rimen.png HTTP/1.1" 200 1758640
INFO 2024-10-03 22:01:53,849 basehttp 16680 9924 "GET / HTTP/1.1" 200 911
WARNING 2024-10-03 22:01:53,861 basehttp 16680 9924 "GET /static/css/home/css HTTP/1.1" 404 1850
INFO 2024-10-03 22:01:54,440 basehttp 16680 2156 "GET / HTTP/1.1" 200 911
WARNING 2024-10-03 22:01:54,453 basehttp 16680 2156 "GET /static/css/home/css HTTP/1.1" 404 1850
INFO 2024-10-03 22:01:54,640 basehttp 16680 17760 "GET / HTTP/1.1" 200 911
WARNING 2024-10-03 22:01:54,653 basehttp 16680 17760 "GET /static/css/home/css HTTP/1.1" 404 1850
INFO 2024-10-03 22:02:09,617 basehttp 16680 12760 "GET / HTTP/1.1" 200 911
WARNING 2024-10-03 22:02:09,632 basehttp 16680 12760 "GET /static/css/home/css HTTP/1.1" 404 1850
INFO 2024-10-03 22:02:17,112 basehttp 16680 15840 "GET / HTTP/1.1" 200 911
WARNING 2024-10-03 22:02:17,125 basehttp 16680 15840 "GET /static/css/home/css HTTP/1.1" 404 1850
INFO 2024-10-03 22:02:17,611 basehttp 16680 18224 "GET / HTTP/1.1" 200 911
WARNING 2024-10-03 22:02:17,624 basehttp 16680 18224 "GET /static/css/home/css HTTP/1.1" 404 1850
INFO 2024-10-03 22:02:17,752 basehttp 16680 12868 "GET / HTTP/1.1" 200 911
WARNING 2024-10-03 22:02:17,764 basehttp 16680 12868 "GET /static/css/home/css HTTP/1.1" 404 1850
INFO 2024-10-03 22:02:31,271 basehttp 16680 10936 "GET / HTTP/1.1" 200 911
WARNING 2024-10-03 22:02:31,285 basehttp 16680 10936 "GET /static/css/home/css HTTP/1.1" 404 1850
INFO 2024-10-03 22:02:32,744 basehttp 16680 8008 "GET / HTTP/1.1" 200 911
WARNING 2024-10-03 22:02:32,757 basehttp 16680 8008 "GET /static/css/home/css HTTP/1.1" 404 1850
INFO 2024-10-03 22:02:32,872 basehttp 16680 2352 "GET / HTTP/1.1" 200 911
WARNING 2024-10-03 22:02:32,884 basehttp 16680 2352 "GET /static/css/home/css HTTP/1.1" 404 1850
INFO 2024-10-03 22:02:33,056 basehttp 16680 9760 "GET / HTTP/1.1" 200 911
WARNING 2024-10-03 22:02:33,069 basehttp 16680 9760 "GET /static/css/home/css HTTP/1.1" 404 1850
INFO 2024-10-03 22:02:33,216 basehttp 16680 10784 "GET / HTTP/1.1" 200 911
WARNING 2024-10-03 22:02:33,228 basehttp 16680 10784 "GET /static/css/home/css HTTP/1.1" 404 1850
INFO 2024-10-03 22:02:33,393 basehttp 16680 9076 "GET / HTTP/1.1" 200 911
WARNING 2024-10-03 22:02:33,405 basehttp 16680 9076 "GET /static/css/home/css HTTP/1.1" 404 1850
INFO 2024-10-03 22:02:33,922 basehttp 16680 3004 "GET / HTTP/1.1" 200 911
WARNING 2024-10-03 22:02:33,939 basehttp 16680 3004 "GET /static/css/home/css HTTP/1.1" 404 1850
INFO 2024-10-03 22:02:34,080 basehttp 16680 4840 "GET / HTTP/1.1" 200 911
WARNING 2024-10-03 22:02:34,093 basehttp 16680 4840 "GET /static/css/home/css HTTP/1.1" 404 1850
INFO 2024-10-03 22:02:34,257 basehttp 16680 13216 "GET / HTTP/1.1" 200 911
WARNING 2024-10-03 22:02:34,268 basehttp 16680 13216 "GET /static/css/home/css HTTP/1.1" 404 1850
INFO 2024-10-03 22:02:45,673 basehttp 16680 996 "GET / HTTP/1.1" 200 911
INFO 2024-10-03 22:02:45,686 basehttp 16680 996 "GET /static/css/home.css HTTP/1.1" 200 101
WARNING 2024-10-03 22:02:45,697 basehttp 16680 996 "GET /static/css/static/image/rimen.png HTTP/1.1" 404 1892
INFO 2024-10-03 22:02:50,760 basehttp 16680 16080 "GET / HTTP/1.1" 200 911
INFO 2024-10-03 22:02:50,768 basehttp 16680 16080 "GET /static/css/home.css HTTP/1.1" 200 64
WARNING 2024-10-03 22:02:50,778 basehttp 16680 16080 "GET /static/css/static/image/rimen.png HTTP/1.1" 404 1892
INFO 2024-10-03 22:02:51,809 basehttp 16680 18120 "GET / HTTP/1.1" 200 911
INFO 2024-10-03 22:02:51,817 basehttp 16680 18120 "GET /static/css/home.css HTTP/1.1" 304 0
INFO 2024-10-03 22:02:51,984 basehttp 16680 18120 "GET / HTTP/1.1" 200 911
INFO 2024-10-03 22:02:51,993 basehttp 16680 18120 "GET /static/css/home.css HTTP/1.1" 304 0
INFO 2024-10-03 22:02:58,714 basehttp 16680 18120 "GET /static/css/home.css HTTP/1.1" 304 0
INFO 2024-10-03 22:02:58,881 basehttp 16680 18120 "GET / HTTP/1.1" 200 911
INFO 2024-10-03 22:02:58,890 basehttp 16680 18120 "GET /static/css/home.css HTTP/1.1" 304 0
INFO 2024-10-03 22:02:59,598 basehttp 16680 18120 "GET / HTTP/1.1" 200 911
INFO 2024-10-03 22:02:59,612 basehttp 16680 18120 "GET /static/css/home.css HTTP/1.1" 200 64
WARNING 2024-10-03 22:02:59,660 basehttp 16680 18120 "GET /static/css/static/image/rimen.png HTTP/1.1" 404 1892
WARNING 2024-10-03 22:03:00,239 log 16680 1380 Not Found: /favicon.ico
WARNING 2024-10-03 22:03:00,240 basehttp 16680 1380 "GET /favicon.ico HTTP/1.1" 404 2673
INFO 2024-10-03 22:03:13,417 basehttp 16680 1380 "GET / HTTP/1.1" 200 911
INFO 2024-10-03 22:03:13,430 basehttp 16680 1380 "GET /static/css/home.css HTTP/1.1" 200 57
WARNING 2024-10-03 22:03:13,438 basehttp 16680 1380 "GET /static/css/image/rimen.png HTTP/1.1" 404 1871
INFO 2024-10-03 22:03:14,256 basehttp 16680 10968 "GET / HTTP/1.1" 200 911
INFO 2024-10-03 22:03:14,266 basehttp 16680 10968 "GET /static/css/home.css HTTP/1.1" 304 0
INFO 2024-10-03 22:03:14,416 basehttp 16680 10968 "GET / HTTP/1.1" 200 911
INFO 2024-10-03 22:03:14,422 basehttp 16680 10968 "GET /static/css/home.css HTTP/1.1" 304 0
INFO 2024-10-03 22:03:14,569 basehttp 16680 10968 "GET / HTTP/1.1" 200 911
INFO 2024-10-03 22:03:14,575 basehttp 16680 10968 "GET /static/css/home.css HTTP/1.1" 304 0
INFO 2024-10-03 22:03:19,329 basehttp 16680 10968 "GET / HTTP/1.1" 200 911
INFO 2024-10-03 22:03:19,339 basehttp 16680 10968 "GET /static/css/home.css HTTP/1.1" 200 64
WARNING 2024-10-03 22:03:19,351 basehttp 16680 10968 "GET /static/css/static/image/rimen.png HTTP/1.1" 404 1892
INFO 2024-10-03 22:03:19,536 basehttp 16680 668 "GET / HTTP/1.1" 200 911
INFO 2024-10-03 22:03:19,546 basehttp 16680 668 "GET /static/css/home.css HTTP/1.1" 304 0
INFO 2024-10-03 22:03:19,961 basehttp 16680 668 "GET / HTTP/1.1" 200 911
INFO 2024-10-03 22:03:19,969 basehttp 16680 668 "GET /static/css/home.css HTTP/1.1" 304 0
INFO 2024-10-03 22:04:16,778 basehttp 16680 15720 "GET / HTTP/1.1" 200 911
INFO 2024-10-03 22:04:16,791 basehttp 16680 15720 "GET /static/css/home.css HTTP/1.1" 200 60
INFO 2024-10-03 22:04:40,081 basehttp 16680 15720 "GET / HTTP/1.1" 200 911
INFO 2024-10-03 22:04:40,090 basehttp 16680 15720 "GET /static/css/home.css HTTP/1.1" 200 95
INFO 2024-10-03 22:04:40,721 basehttp 16680 15720 "GET / HTTP/1.1" 200 911
INFO 2024-10-03 22:04:40,730 basehttp 16680 15720 "GET /static/css/home.css HTTP/1.1" 304 0
INFO 2024-10-03 22:05:05,402 basehttp 16680 15720 "GET / HTTP/1.1" 200 911
INFO 2024-10-03 22:05:05,412 basehttp 16680 15720 "GET /static/css/home.css HTTP/1.1" 200 127
INFO 2024-10-03 22:05:06,448 basehttp 16680 15720 "GET / HTTP/1.1" 200 911
INFO 2024-10-03 22:05:06,456 basehttp 16680 15720 "GET /static/css/home.css HTTP/1.1" 304 0
INFO 2024-10-03 22:05:06,674 basehttp 16680 15720 "GET / HTTP/1.1" 200 911
INFO 2024-10-03 22:05:06,685 basehttp 16680 15720 "GET /static/css/home.css HTTP/1.1" 304 0
INFO 2024-10-03 22:05:11,082 basehttp 16680 15720 "GET /static/css/home.css HTTP/1.1" 304 0
INFO 2024-10-03 22:05:50,508 basehttp 16680 2388 "GET / HTTP/1.1" 200 911
INFO 2024-10-03 22:05:50,521 basehttp 16680 2388 "GET /static/css/home.css HTTP/1.1" 200 125
INFO 2024-10-03 22:06:37,066 basehttp 16680 2388 "GET / HTTP/1.1" 200 911
INFO 2024-10-03 22:06:37,079 basehttp 16680 2388 "GET /static/css/home.css HTTP/1.1" 200 129
INFO 2024-10-03 22:07:21,842 basehttp 16680 2388 "GET / HTTP/1.1" 200 911
INFO 2024-10-03 22:07:21,855 basehttp 16680 2388 "GET /static/css/home.css HTTP/1.1" 200 130
INFO 2024-10-03 22:07:24,242 basehttp 16680 2388 "GET / HTTP/1.1" 200 911
INFO 2024-10-03 22:07:24,250 basehttp 16680 2388 "GET /static/css/home.css HTTP/1.1" 304 0
INFO 2024-10-03 22:07:25,042 basehttp 16680 2388 "GET / HTTP/1.1" 200 911
INFO 2024-10-03 22:07:25,050 basehttp 16680 2388 "GET /static/css/home.css HTTP/1.1" 304 0
INFO 2024-10-03 22:08:00,298 basehttp 16680 2388 "GET / HTTP/1.1" 200 911
INFO 2024-10-03 22:08:00,308 basehttp 16680 2388 "GET /static/css/home.css HTTP/1.1" 200 129
INFO 2024-10-03 22:08:00,312 basehttp 16680 2388 "GET /static/image/rimen.png HTTP/1.1" 304 0
INFO 2024-10-03 22:08:05,538 basehttp 16680 2388 "GET / HTTP/1.1" 200 911
INFO 2024-10-03 22:08:05,636 basehttp 16680 2388 "GET /static/css/home.css HTTP/1.1" 200 128
INFO 2024-10-03 22:08:34,042 basehttp 16680 2388 "GET / HTTP/1.1" 200 911
INFO 2024-10-03 22:08:34,051 basehttp 16680 2388 "GET /static/css/home.css HTTP/1.1" 200 129
INFO 2024-10-03 22:09:46,100 basehttp 16680 2388 "GET / HTTP/1.1" 200 911
INFO 2024-10-03 22:09:46,110 basehttp 16680 2388 "GET /static/css/home.css HTTP/1.1" 200 154
INFO 2024-10-03 22:09:53,032 basehttp 16680 2388 "GET / HTTP/1.1" 200 911
INFO 2024-10-03 22:09:53,044 basehttp 16680 2388 "GET /static/css/home.css HTTP/1.1" 200 154
INFO 2024-10-03 22:10:28,429 basehttp 16680 2388 "GET / HTTP/1.1" 200 878
INFO 2024-10-03 22:10:28,437 basehttp 16680 2388 "GET /static/css/home.css HTTP/1.1" 304 0
INFO 2024-10-03 22:10:45,764 basehttp 16680 2388 "GET /api/search/?q=%EC%95%84%EB%8D%B8 HTTP/1.1" 200 405
INFO 2024-10-03 22:12:31,042 basehttp 16680 2388 "GET / HTTP/1.1" 200 889
INFO 2024-10-03 22:12:31,071 basehttp 16680 2388 "GET /static/css/home.css HTTP/1.1" 200 178
INFO 2024-10-03 22:12:52,228 basehttp 16680 2388 "GET / HTTP/1.1" 200 889
INFO 2024-10-03 22:12:52,239 basehttp 16680 2388 "GET /static/css/home.css HTTP/1.1" 200 174
INFO 2024-10-03 22:12:57,035 basehttp 16680 2388 "GET / HTTP/1.1" 200 889
INFO 2024-10-03 22:12:57,045 basehttp 16680 2388 "GET /static/css/home.css HTTP/1.1" 200 175
INFO 2024-10-03 22:13:02,107 basehttp 16680 2388 "GET / HTTP/1.1" 200 889
INFO 2024-10-03 22:13:02,131 basehttp 16680 2388 "GET /static/css/home.css HTTP/1.1" 200 176
INFO 2024-10-03 22:13:03,309 basehttp 16680 2388 "GET / HTTP/1.1" 200 889
INFO 2024-10-03 22:13:03,317 basehttp 16680 2388 "GET /static/css/home.css HTTP/1.1" 304 0
INFO 2024-10-03 22:15:48,455 basehttp 16680 2388 "GET / HTTP/1.1" 200 904
INFO 2024-10-03 22:15:48,462 basehttp 16680 2388 "GET /static/css/home.css HTTP/1.1" 200 275
INFO 2024-10-03 22:15:48,467 basehttp 16680 2388 "GET /static/image/rimen.png HTTP/1.1" 304 0
INFO 2024-10-03 22:15:58,405 basehttp 16680 2388 "GET / HTTP/1.1" 200 904
INFO 2024-10-03 22:15:58,415 basehttp 16680 2388 "GET /static/css/home.css HTTP/1.1" 200 341
INFO 2024-10-03 22:15:58,980 basehttp 16680 2388 "GET / HTTP/1.1" 200 904
INFO 2024-10-03 22:15:58,988 basehttp 16680 2388 "GET /static/css/home.css HTTP/1.1" 304 0
INFO 2024-10-03 22:16:07,062 basehttp 16680 2388 "GET / HTTP/1.1" 200 904
INFO 2024-10-03 22:16:07,068 basehttp 16680 2388 "GET /static/css/home.css HTTP/1.1" 200 465
INFO 2024-10-03 22:16:39,861 basehttp 16680 2388 "GET / HTTP/1.1" 200 904
INFO 2024-10-03 22:16:39,870 basehttp 16680 2388 "GET /static/css/home.css HTTP/1.1" 304 0
INFO 2024-10-03 22:16:45,344 basehttp 16680 2388 "GET /static/css/home.css HTTP/1.1" 304 0
INFO 2024-10-03 22:17:06,973 basehttp 16680 2388 "GET / HTTP/1.1" 200 904
INFO 2024-10-03 22:17:06,988 basehttp 16680 2388 "GET /static/css/home.css HTTP/1.1" 200 406
INFO 2024-10-03 22:17:13,288 basehttp 16680 2388 "GET / HTTP/1.1" 200 904
INFO 2024-10-03 22:17:13,299 basehttp 16680 2388 "GET /static/css/home.css HTTP/1.1" 200 416
INFO 2024-10-03 22:17:18,041 basehttp 16680 2388 "GET / HTTP/1.1" 200 904
INFO 2024-10-03 22:17:18,053 basehttp 16680 2388 "GET /static/css/home.css HTTP/1.1" 200 416
INFO 2024-10-03 22:17:21,782 basehttp 16680 2388 "GET / HTTP/1.1" 200 904
INFO 2024-10-03 22:17:21,789 basehttp 16680 2388 "GET /static/css/home.css HTTP/1.1" 304 0
INFO 2024-10-03 22:17:21,996 basehttp 16680 2388 "GET / HTTP/1.1" 200 904
INFO 2024-10-03 22:17:22,007 basehttp 16680 2388 "GET /static/css/home.css HTTP/1.1" 304 0
INFO 2024-10-03 22:17:28,467 basehttp 16680 2388 "GET / HTTP/1.1" 200 904
INFO 2024-10-03 22:17:28,483 basehttp 16680 2388 "GET /static/css/home.css HTTP/1.1" 200 416
INFO 2024-10-03 22:18:11,706 basehttp 16680 2388 "GET / HTTP/1.1" 200 904
INFO 2024-10-03 22:18:11,729 basehttp 16680 2388 "GET /static/css/home.css HTTP/1.1" 200 415
INFO 2024-10-03 22:18:17,529 basehttp 16680 2388 "GET / HTTP/1.1" 200 904
INFO 2024-10-03 22:18:17,539 basehttp 16680 2388 "GET /static/css/home.css HTTP/1.1" 200 416
INFO 2024-10-03 22:18:32,817 basehttp 16680 2388 "GET / HTTP/1.1" 200 904
INFO 2024-10-03 22:18:32,827 basehttp 16680 2388 "GET /static/css/home.css HTTP/1.1" 200 416
INFO 2024-10-03 22:18:45,264 basehttp 16680 2388 "GET / HTTP/1.1" 200 904
INFO 2024-10-03 22:18:45,274 basehttp 16680 2388 "GET /static/css/home.css HTTP/1.1" 200 435
INFO 2024-10-03 22:18:50,769 basehttp 16680 2388 "GET / HTTP/1.1" 200 904
INFO 2024-10-03 22:18:50,778 basehttp 16680 2388 "GET /static/css/home.css HTTP/1.1" 200 435
INFO 2024-10-03 22:18:57,792 basehttp 16680 2388 "GET / HTTP/1.1" 200 904
INFO 2024-10-03 22:18:57,802 basehttp 16680 2388 "GET /static/css/home.css HTTP/1.1" 200 435
INFO 2024-10-03 22:19:03,385 basehttp 16680 2388 "GET / HTTP/1.1" 200 904
INFO 2024-10-03 22:19:03,394 basehttp 16680 2388 "GET /static/css/home.css HTTP/1.1" 200 435
INFO 2024-10-03 22:19:13,666 basehttp 16680 2388 "GET / HTTP/1.1" 200 904
INFO 2024-10-03 22:19:13,715 basehttp 16680 2388 "GET /static/css/home.css HTTP/1.1" 200 435
INFO 2024-10-03 22:19:44,193 basehttp 16680 2388 "GET / HTTP/1.1" 200 904
INFO 2024-10-03 22:19:44,202 basehttp 16680 2388 "GET /static/css/home.css HTTP/1.1" 304 0
INFO 2024-10-03 22:19:44,919 basehttp 16680 2388 "GET / HTTP/1.1" 200 905
INFO 2024-10-03 22:21:02,718 basehttp 16680 2388 "GET / HTTP/1.1" 200 905
INFO 2024-10-03 22:21:02,802 basehttp 16680 2388 "GET /static/css/home.css HTTP/1.1" 200 465
INFO 2024-10-03 22:21:03,371 basehttp 16680 2388 "GET / HTTP/1.1" 200 905
INFO 2024-10-03 22:21:03,382 basehttp 16680 2388 "GET /static/css/home.css HTTP/1.1" 304 0
INFO 2024-10-03 22:26:33,473 basehttp 16680 2268 "GET / HTTP/1.1" 200 928
INFO 2024-10-03 22:26:33,482 basehttp 16680 18976 "GET /static/css/home.css HTTP/1.1" 304 0
WARNING 2024-10-03 22:26:33,488 log 16680 2268 Not Found: /image/search.svg
WARNING 2024-10-03 22:26:33,490 basehttp 16680 2268 "GET /image/search.svg HTTP/1.1" 404 2688
INFO 2024-10-03 22:26:33,493 basehttp 16680 18976 "GET /static/image/rimen.png HTTP/1.1" 304 0
INFO 2024-10-03 22:26:35,317 basehttp 16680 18976 "GET /api/search/?q= HTTP/1.1" 200 68
INFO 2024-10-03 22:27:24,449 basehttp 16680 18976 "GET / HTTP/1.1" 200 935
INFO 2024-10-03 22:27:24,457 basehttp 16680 2268 "GET /static/css/home.css HTTP/1.1" 304 0
INFO 2024-10-03 22:27:24,457 basehttp 16680 18976 "GET /static/image/search.svg HTTP/1.1" 200 315
INFO 2024-10-03 22:27:24,894 basehttp 16680 18976 "GET / HTTP/1.1" 200 935
INFO 2024-10-03 22:28:52,600 basehttp 16680 18976 "GET / HTTP/1.1" 200 935
INFO 2024-10-03 22:28:52,611 basehttp 16680 18976 "GET /static/css/home.css HTTP/1.1" 304 0
INFO 2024-10-03 22:28:52,613 basehttp 16680 2268 "GET /static/image/search.svg HTTP/1.1" 200 315
INFO 2024-10-03 22:29:17,980 basehttp 16680 2268 "GET / HTTP/1.1" 200 935
INFO 2024-10-03 22:29:17,987 basehttp 16680 2268 "GET /static/image/search.svg HTTP/1.1" 304 0
INFO 2024-10-03 22:29:18,600 basehttp 16680 2268 "GET / HTTP/1.1" 200 935
INFO 2024-10-03 22:29:18,873 basehttp 16680 2268 "GET / HTTP/1.1" 200 935
INFO 2024-10-03 22:29:20,094 basehttp 16680 2268 "GET / HTTP/1.1" 200 935
INFO 2024-10-03 22:29:20,106 basehttp 16680 18976 "GET /static/image/search.svg HTTP/1.1" 200 315
INFO 2024-10-03 22:29:20,109 basehttp 16680 2268 "GET /static/css/home.css HTTP/1.1" 200 495
INFO 2024-10-03 22:29:20,225 basehttp 16680 2268 "GET /static/image/rimen.png HTTP/1.1" 200 1758640
WARNING 2024-10-03 22:29:20,261 log 16680 2268 Not Found: /favicon.ico
WARNING 2024-10-03 22:29:20,262 basehttp 16680 2268 "GET /favicon.ico HTTP/1.1" 404 2673
INFO 2024-10-03 22:29:22,353 basehttp 16680 2268 "GET / HTTP/1.1" 200 935
INFO 2024-10-03 22:29:22,369 basehttp 16680 18976 "GET /static/image/search.svg HTTP/1.1" 200 315
INFO 2024-10-03 22:29:22,370 basehttp 16680 2268 "GET /static/css/home.css HTTP/1.1" 200 495
INFO 2024-10-03 22:29:22,438 basehttp 16680 2268 "GET /static/image/rimen.png HTTP/1.1" 200 1758640
WARNING 2024-10-03 22:29:22,474 log 16680 2268 Not Found: /favicon.ico
WARNING 2024-10-03 22:29:22,484 basehttp 16680 2268 "GET /favicon.ico HTTP/1.1" 404 2673
INFO 2024-10-03 22:29:38,938 basehttp 16680 2268 "GET / HTTP/1.1" 200 935
INFO 2024-10-03 22:29:38,948 basehttp 16680 18976 "GET /static/image/search.svg HTTP/1.1" 304 0
INFO 2024-10-03 22:29:38,953 basehttp 16680 2268 "GET /static/css/home.css HTTP/1.1" 200 469
INFO 2024-10-03 22:30:13,949 basehttp 16680 12320 "GET / HTTP/1.1" 200 935
INFO 2024-10-03 22:30:13,957 basehttp 16680 18504 "GET /static/image/search.svg HTTP/1.1" 304 0
INFO 2024-10-03 22:30:13,959 basehttp 16680 12320 "GET /static/css/home.css HTTP/1.1" 200 488
INFO 2024-10-03 22:31:37,559 basehttp 16680 19036 "GET / HTTP/1.1" 200 935
INFO 2024-10-03 22:31:37,566 basehttp 16680 10704 "GET /static/image/search.svg HTTP/1.1" 304 0
INFO 2024-10-03 22:31:37,568 basehttp 16680 19036 "GET /static/css/home.css HTTP/1.1" 200 507
INFO 2024-10-03 22:31:38,207 basehttp 16680 19036 "GET / HTTP/1.1" 200 935
INFO 2024-10-03 22:31:38,221 basehttp 16680 19036 "GET /static/css/home.css HTTP/1.1" 304 0
INFO 2024-10-03 22:32:12,413 basehttp 16680 19036 "GET / HTTP/1.1" 200 925
INFO 2024-10-03 22:32:12,423 basehttp 16680 10704 "GET /static/image/search.svg HTTP/1.1" 304 0
INFO 2024-10-03 22:32:12,425 basehttp 16680 19036 "GET /static/css/home.css HTTP/1.1" 200 488
INFO 2024-10-03 22:32:45,062 basehttp 16680 19036 "GET / HTTP/1.1" 200 935
INFO 2024-10-03 22:32:45,070 basehttp 16680 10704 "GET /static/image/search.svg HTTP/1.1" 304 0
INFO 2024-10-03 22:32:45,072 basehttp 16680 19036 "GET /static/css/home.css HTTP/1.1" 200 514
INFO 2024-10-03 22:32:56,830 basehttp 16680 19036 "GET / HTTP/1.1" 200 925
INFO 2024-10-03 22:32:56,842 basehttp 16680 19036 "GET /static/css/home.css HTTP/1.1" 200 488
INFO 2024-10-03 22:33:18,672 basehttp 16680 19036 "GET / HTTP/1.1" 200 925
INFO 2024-10-03 22:33:18,709 basehttp 16680 10704 "GET /static/image/search.svg HTTP/1.1" 304 0
INFO 2024-10-03 22:33:18,718 basehttp 16680 19036 "GET /static/css/home.css HTTP/1.1" 200 502
INFO 2024-10-03 22:33:19,367 basehttp 16680 19036 "GET / HTTP/1.1" 200 925
INFO 2024-10-03 22:33:19,377 basehttp 16680 19036 "GET /static/css/home.css HTTP/1.1" 304 0
INFO 2024-10-03 22:33:19,800 basehttp 16680 19036 "GET / HTTP/1.1" 200 925
INFO 2024-10-03 22:33:19,809 basehttp 16680 19036 "GET /static/css/home.css HTTP/1.1" 304 0
INFO 2024-10-03 22:33:29,787 basehttp 16680 19036 "GET / HTTP/1.1" 200 925
INFO 2024-10-03 22:33:29,803 basehttp 16680 19036 "GET /static/css/home.css HTTP/1.1" 200 502
INFO 2024-10-03 22:34:56,816 basehttp 16680 19036 "GET / HTTP/1.1" 200 941
INFO 2024-10-03 22:34:56,826 basehttp 16680 10704 "GET /static/image/search.svg HTTP/1.1" 304 0
INFO 2024-10-03 22:34:56,828 basehttp 16680 19036 "GET /static/css/home.css HTTP/1.1" 200 495
INFO 2024-10-03 22:34:57,503 basehttp 16680 19036 "GET / HTTP/1.1" 200 941
INFO 2024-10-03 22:34:57,517 basehttp 16680 19036 "GET /static/css/home.css HTTP/1.1" 304 0
INFO 2024-10-03 22:34:57,679 basehttp 16680 19036 "GET / HTTP/1.1" 200 941
INFO 2024-10-03 22:34:57,706 basehttp 16680 19036 "GET /static/css/home.css HTTP/1.1" 304 0
INFO 2024-10-03 22:34:57,817 basehttp 16680 19036 "GET / HTTP/1.1" 200 941
INFO 2024-10-03 22:34:57,838 basehttp 16680 19036 "GET /static/css/home.css HTTP/1.1" 304 0
INFO 2024-10-03 22:35:04,998 basehttp 16680 19036 "GET / HTTP/1.1" 200 941
INFO 2024-10-03 22:35:05,019 basehttp 16680 19036 "GET /static/css/home.css HTTP/1.1" 200 509
INFO 2024-10-03 22:35:11,287 basehttp 16680 19036 "GET / HTTP/1.1" 200 941
INFO 2024-10-03 22:35:11,310 basehttp 16680 19036 "GET /static/css/home.css HTTP/1.1" 200 509
INFO 2024-10-03 22:35:19,497 basehttp 16680 19036 "GET / HTTP/1.1" 200 941
INFO 2024-10-03 22:35:19,507 basehttp 16680 19036 "GET /static/css/home.css HTTP/1.1" 200 509
INFO 2024-10-03 22:35:23,451 basehttp 16680 19036 "GET / HTTP/1.1" 200 941
INFO 2024-10-03 22:35:23,461 basehttp 16680 19036 "GET /static/css/home.css HTTP/1.1" 200 509
INFO 2024-10-03 22:35:57,614 basehttp 16680 19036 "GET / HTTP/1.1" 200 941
INFO 2024-10-03 22:35:57,623 basehttp 16680 10704 "GET /static/image/search.svg HTTP/1.1" 304 0
INFO 2024-10-03 22:35:57,625 basehttp 16680 19036 "GET /static/css/home.css HTTP/1.1" 200 512
INFO 2024-10-03 22:36:23,252 basehttp 16680 19036 "GET / HTTP/1.1" 200 941
INFO 2024-10-03 22:36:23,263 basehttp 16680 19036 "GET /static/css/home.css HTTP/1.1" 200 536
INFO 2024-10-03 22:36:23,889 basehttp 16680 19036 "GET / HTTP/1.1" 200 941
INFO 2024-10-03 22:36:23,897 basehttp 16680 19036 "GET /static/css/home.css HTTP/1.1" 304 0
INFO 2024-10-03 22:37:11,866 basehttp 16680 19036 "GET / HTTP/1.1" 200 941
INFO 2024-10-03 22:37:11,875 basehttp 16680 10704 "GET /static/image/search.svg HTTP/1.1" 304 0
INFO 2024-10-03 22:37:11,888 basehttp 16680 19036 "GET /static/css/home.css HTTP/1.1" 200 542
INFO 2024-10-03 22:37:12,699 basehttp 16680 19036 "GET / HTTP/1.1" 200 941
INFO 2024-10-03 22:37:12,708 basehttp 16680 19036 "GET /static/css/home.css HTTP/1.1" 304 0
INFO 2024-10-03 22:38:07,290 basehttp 16680 19036 "GET / HTTP/1.1" 200 941
INFO 2024-10-03 22:38:07,301 basehttp 16680 10704 "GET /static/image/search.svg HTTP/1.1" 304 0
INFO 2024-10-03 22:38:07,303 basehttp 16680 19036 "GET /static/css/home.css HTTP/1.1" 200 550
INFO 2024-10-03 22:38:17,546 basehttp 16680 19036 "GET / HTTP/1.1" 200 941
INFO 2024-10-03 22:38:17,566 basehttp 16680 19036 "GET /static/css/home.css HTTP/1.1" 200 544
INFO 2024-10-03 22:38:18,045 basehttp 16680 19036 "GET / HTTP/1.1" 200 941
INFO 2024-10-03 22:38:18,053 basehttp 16680 19036 "GET /static/css/home.css HTTP/1.1" 304 0
INFO 2024-10-03 22:38:42,510 basehttp 16680 19036 "GET / HTTP/1.1" 200 941
INFO 2024-10-03 22:38:42,525 basehttp 16680 19036 "GET /static/css/home.css HTTP/1.1" 200 523
INFO 2024-10-03 22:38:43,011 basehttp 16680 19036 "GET / HTTP/1.1" 200 941
INFO 2024-10-03 22:38:43,022 basehttp 16680 19036 "GET /static/css/home.css HTTP/1.1" 304 0
INFO 2024-10-03 22:38:43,202 basehttp 16680 19036 "GET / HTTP/1.1" 200 941
INFO 2024-10-03 22:38:43,211 basehttp 16680 19036 "GET /static/css/home.css HTTP/1.1" 304 0
INFO 2024-10-03 22:38:44,091 basehttp 16680 19036 "GET / HTTP/1.1" 200 941
INFO 2024-10-03 22:38:44,100 basehttp 16680 19036 "GET /static/css/home.css HTTP/1.1" 200 523
INFO 2024-10-03 22:38:44,100 basehttp 16680 10704 "GET /static/image/search.svg HTTP/1.1" 200 315
WARNING 2024-10-03 22:38:44,439 log 16680 10704 Not Found: /favicon.ico
WARNING 2024-10-03 22:38:44,439 basehttp 16680 10704 "GET /favicon.ico HTTP/1.1" 404 2673
INFO 2024-10-03 22:38:49,850 basehttp 16680 10704 "GET / HTTP/1.1" 200 941
INFO 2024-10-03 22:38:49,865 basehttp 16680 10704 "GET /static/css/home.css HTTP/1.1" 200 507
INFO 2024-10-03 22:38:50,336 basehttp 16680 10704 "GET / HTTP/1.1" 200 941
INFO 2024-10-03 22:38:50,346 basehttp 16680 10704 "GET /static/css/home.css HTTP/1.1" 304 0
INFO 2024-10-03 22:38:50,570 basehttp 16680 10704 "GET / HTTP/1.1" 200 941
INFO 2024-10-03 22:38:50,580 basehttp 16680 10704 "GET /static/css/home.css HTTP/1.1" 304 0
INFO 2024-10-03 22:38:51,396 basehttp 16680 10704 "GET / HTTP/1.1" 200 941
INFO 2024-10-03 22:38:51,409 basehttp 16680 10704 "GET /static/css/home.css HTTP/1.1" 200 507
INFO 2024-10-03 22:38:51,411 basehttp 16680 19036 "GET /static/image/search.svg HTTP/1.1" 200 315
WARNING 2024-10-03 22:38:51,576 log 16680 19036 Not Found: /favicon.ico
WARNING 2024-10-03 22:38:51,577 basehttp 16680 19036 "GET /favicon.ico HTTP/1.1" 404 2673
INFO 2024-10-03 22:38:57,803 basehttp 16680 19036 "GET / HTTP/1.1" 200 941
INFO 2024-10-03 22:38:57,812 basehttp 16680 19036 "GET /static/css/home.css HTTP/1.1" 200 503
INFO 2024-10-03 22:39:04,755 basehttp 16680 19036 "GET / HTTP/1.1" 200 941
INFO 2024-10-03 22:39:04,765 basehttp 16680 19036 "GET /static/css/home.css HTTP/1.1" 200 495
INFO 2024-10-03 22:39:04,788 basehttp 16680 19036 "GET /static/image/rimen.png HTTP/1.1" 304 0
INFO 2024-10-03 22:42:58,035 basehttp 16680 18532 "GET / HTTP/1.1" 200 941
INFO 2024-10-03 22:42:58,045 basehttp 16680 18880 "GET /static/image/search.svg HTTP/1.1" 304 0
INFO 2024-10-03 22:42:58,058 basehttp 16680 18532 "GET /static/css/home.css HTTP/1.1" 200 669
INFO 2024-10-03 22:43:08,847 basehttp 16680 9896 "GET / HTTP/1.1" 200 941
INFO 2024-10-03 22:43:08,867 basehttp 16680 9896 "GET /static/css/home.css HTTP/1.1" 200 672
INFO 2024-10-03 22:43:14,426 basehttp 16680 9896 "GET / HTTP/1.1" 200 941
INFO 2024-10-03 22:43:14,442 basehttp 16680 9896 "GET /static/css/home.css HTTP/1.1" 200 672
INFO 2024-10-03 22:43:19,053 basehttp 16680 15368 "GET / HTTP/1.1" 200 941
INFO 2024-10-03 22:43:19,070 basehttp 16680 15368 "GET /static/css/home.css HTTP/1.1" 200 672
INFO 2024-10-03 22:43:23,123 basehttp 16680 15368 "GET / HTTP/1.1" 200 941
INFO 2024-10-03 22:43:23,135 basehttp 16680 15368 "GET /static/css/home.css HTTP/1.1" 200 672
INFO 2024-10-03 22:43:46,915 basehttp 16680 15368 "GET / HTTP/1.1" 200 941
INFO 2024-10-03 22:43:46,926 basehttp 16680 15368 "GET /static/css/home.css HTTP/1.1" 200 672
INFO 2024-10-03 22:43:47,819 basehttp 16680 15368 "GET / HTTP/1.1" 200 941
INFO 2024-10-03 22:43:47,827 basehttp 16680 15368 "GET /static/css/home.css HTTP/1.1" 304 0
INFO 2024-10-03 22:43:53,442 basehttp 16680 15368 "GET / HTTP/1.1" 200 941
INFO 2024-10-03 22:43:53,459 basehttp 16680 15368 "GET /static/css/home.css HTTP/1.1" 200 672
INFO 2024-10-03 22:43:54,124 basehttp 16680 15368 "GET / HTTP/1.1" 200 941
INFO 2024-10-03 22:43:54,130 basehttp 16680 15368 "GET /static/css/home.css HTTP/1.1" 304 0
INFO 2024-10-03 22:43:58,043 basehttp 16680 15368 "GET / HTTP/1.1" 200 941
INFO 2024-10-03 22:43:58,057 basehttp 16680 15368 "GET /static/css/home.css HTTP/1.1" 200 672
INFO 2024-10-03 22:44:23,516 basehttp 16680 15368 "GET / HTTP/1.1" 200 941
INFO 2024-10-03 22:44:23,537 basehttp 16680 15368 "GET /static/css/home.css HTTP/1.1" 200 688
INFO 2024-10-03 22:44:24,066 basehttp 16680 15368 "GET / HTTP/1.1" 200 941
INFO 2024-10-03 22:44:24,076 basehttp 16680 15368 "GET /static/css/home.css HTTP/1.1" 304 0
INFO 2024-10-03 22:44:35,938 basehttp 16680 15368 "GET / HTTP/1.1" 200 941
INFO 2024-10-03 22:44:35,948 basehttp 16680 4732 "GET /static/image/search.svg HTTP/1.1" 304 0
INFO 2024-10-03 22:44:35,950 basehttp 16680 15368 "GET /static/css/home.css HTTP/1.1" 200 689
INFO 2024-10-03 22:46:03,636 basehttp 16680 15368 "GET / HTTP/1.1" 200 941
INFO 2024-10-03 22:46:03,651 basehttp 16680 15368 "GET /static/css/home.css HTTP/1.1" 200 696
INFO 2024-10-03 22:46:12,731 basehttp 16680 15368 "GET / HTTP/1.1" 200 941
INFO 2024-10-03 22:46:12,742 basehttp 16680 4732 "GET /static/image/search.svg HTTP/1.1" 304 0
INFO 2024-10-03 22:46:12,744 basehttp 16680 15368 "GET /static/css/home.css HTTP/1.1" 200 697
INFO 2024-10-03 22:46:51,188 basehttp 16680 15368 "GET / HTTP/1.1" 200 941
INFO 2024-10-03 22:46:51,204 basehttp 16680 15368 "GET /static/css/home.css HTTP/1.1" 200 695
INFO 2024-10-03 22:47:00,060 basehttp 16680 15368 "GET / HTTP/1.1" 200 941
INFO 2024-10-03 22:47:00,073 basehttp 16680 15368 "GET /static/css/home.css HTTP/1.1" 200 695
INFO 2024-10-03 22:47:58,171 basehttp 16680 15368 "GET /static/css/home.css HTTP/1.1" 304 0
INFO 2024-10-03 22:49:16,206 basehttp 16680 15368 "GET / HTTP/1.1" 200 941
INFO 2024-10-03 22:49:16,214 basehttp 16680 4732 "GET /static/image/search.svg HTTP/1.1" 304 0
INFO 2024-10-03 22:49:16,229 basehttp 16680 15368 "GET /static/css/home.css HTTP/1.1" 200 728
INFO 2024-10-03 22:49:33,264 basehttp 16680 15368 "GET / HTTP/1.1" 200 941
INFO 2024-10-03 22:49:33,284 basehttp 16680 15368 "GET /static/css/home.css HTTP/1.1" 200 898
INFO 2024-10-03 22:49:33,305 basehttp 16680 15368 "GET /static/image/rimen.png HTTP/1.1" 304 0
INFO 2024-10-03 22:49:43,566 basehttp 16680 15368 "GET / HTTP/1.1" 200 941
INFO 2024-10-03 22:49:43,582 basehttp 16680 15368 "GET /static/css/home.css HTTP/1.1" 200 751
INFO 2024-10-03 22:50:28,845 basehttp 16680 15368 "GET / HTTP/1.1" 200 941
INFO 2024-10-03 22:50:28,873 basehttp 16680 15368 "GET /static/css/home.css HTTP/1.1" 200 729
INFO 2024-10-03 22:50:54,143 basehttp 16680 15368 "GET / HTTP/1.1" 200 941
INFO 2024-10-03 22:50:54,162 basehttp 16680 15368 "GET /static/css/home.css HTTP/1.1" 200 729
INFO 2024-10-03 22:50:55,238 basehttp 16680 15368 "GET / HTTP/1.1" 200 941
INFO 2024-10-03 22:50:55,251 basehttp 16680 15368 "GET /static/css/home.css HTTP/1.1" 304 0
INFO 2024-10-03 22:51:10,046 basehttp 16680 15368 "GET / HTTP/1.1" 200 941
INFO 2024-10-03 22:51:10,061 basehttp 16680 15368 "GET /static/css/home.css HTTP/1.1" 200 900
INFO 2024-10-03 22:51:16,665 basehttp 16680 15368 "GET / HTTP/1.1" 200 941
INFO 2024-10-03 22:51:16,692 basehttp 16680 15368 "GET /static/css/home.css HTTP/1.1" 200 900
INFO 2024-10-03 22:51:29,230 basehttp 16680 15368 "GET / HTTP/1.1" 200 941
INFO 2024-10-03 22:51:29,244 basehttp 16680 4732 "GET /static/image/search.svg HTTP/1.1" 304 0
INFO 2024-10-03 22:51:29,252 basehttp 16680 15368 "GET /static/css/home.css HTTP/1.1" 200 800
INFO 2024-10-03 22:52:01,724 basehttp 16680 17320 "GET / HTTP/1.1" 200 941
INFO 2024-10-03 22:52:01,745 basehttp 16680 17320 "GET /static/css/home.css HTTP/1.1" 200 813
INFO 2024-10-03 22:52:10,319 basehttp 16680 17320 "GET / HTTP/1.1" 200 941
INFO 2024-10-03 22:52:10,337 basehttp 16680 17320 "GET /static/css/home.css HTTP/1.1" 200 812
INFO 2024-10-03 22:52:21,661 basehttp 16680 17320 "GET / HTTP/1.1" 200 941
INFO 2024-10-03 22:52:21,682 basehttp 16680 17320 "GET /static/css/home.css HTTP/1.1" 200 812
INFO 2024-10-03 22:52:49,392 basehttp 16680 17320 "GET / HTTP/1.1" 200 941
INFO 2024-10-03 22:52:49,411 basehttp 16680 17320 "GET /static/css/home.css HTTP/1.1" 200 794
INFO 2024-10-03 22:53:13,256 basehttp 16680 17320 "GET / HTTP/1.1" 200 941
INFO 2024-10-03 22:53:13,275 basehttp 16680 17320 "GET /static/css/home.css HTTP/1.1" 200 795
INFO 2024-10-03 22:54:05,231 basehttp 16680 17320 "GET / HTTP/1.1" 200 941
INFO 2024-10-03 22:54:05,240 basehttp 16680 13032 "GET /static/image/search.svg HTTP/1.1" 304 0
INFO 2024-10-03 22:54:05,252 basehttp 16680 17320 "GET /static/css/home.css HTTP/1.1" 200 825
INFO 2024-10-03 22:54:15,864 basehttp 16680 17320 "GET / HTTP/1.1" 200 941
INFO 2024-10-03 22:54:15,889 basehttp 16680 17320 "GET /static/css/home.css HTTP/1.1" 200 834
INFO 2024-10-03 22:54:21,648 basehttp 16680 17320 "GET / HTTP/1.1" 200 941
INFO 2024-10-03 22:54:21,668 basehttp 16680 17320 "GET /static/css/home.css HTTP/1.1" 200 834
INFO 2024-10-03 22:54:30,319 basehttp 16680 17320 "GET / HTTP/1.1" 200 941
INFO 2024-10-03 22:54:30,336 basehttp 16680 17320 "GET /static/css/home.css HTTP/1.1" 200 836
INFO 2024-10-03 22:54:41,229 basehttp 16680 17320 "GET / HTTP/1.1" 200 941
INFO 2024-10-03 22:54:41,252 basehttp 16680 17320 "GET /static/css/home.css HTTP/1.1" 200 818
INFO 2024-10-03 22:55:13,834 basehttp 16680 18940 "GET / HTTP/1.1" 200 941
INFO 2024-10-03 22:55:13,852 basehttp 16680 18940 "GET /static/css/home.css HTTP/1.1" 200 835
INFO 2024-10-03 22:55:31,396 basehttp 16680 18940 "GET / HTTP/1.1" 200 941
INFO 2024-10-03 22:55:31,411 basehttp 16680 18940 "GET /static/css/home.css HTTP/1.1" 200 854
INFO 2024-10-03 22:55:52,029 basehttp 16680 18940 "GET / HTTP/1.1" 200 941
INFO 2024-10-03 22:55:52,051 basehttp 16680 18940 "GET /static/css/home.css HTTP/1.1" 200 854
INFO 2024-10-03 22:56:24,265 basehttp 16680 18940 "GET / HTTP/1.1" 200 941
INFO 2024-10-03 22:56:24,279 basehttp 16680 18940 "GET /static/css/home.css HTTP/1.1" 200 873
INFO 2024-10-03 22:56:33,089 basehttp 16680 5180 "GET / HTTP/1.1" 200 941
INFO 2024-10-03 22:56:33,104 basehttp 16680 5180 "GET /static/css/home.css HTTP/1.1" 200 872
INFO 2024-10-03 22:56:45,984 basehttp 16680 5180 "GET / HTTP/1.1" 200 941
INFO 2024-10-03 22:56:45,993 basehttp 16680 19280 "GET /static/image/search.svg HTTP/1.1" 304 0
INFO 2024-10-03 22:56:46,001 basehttp 16680 5180 "GET /static/css/home.css HTTP/1.1" 200 891
INFO 2024-10-03 22:57:59,418 basehttp 16680 17188 "GET / HTTP/1.1" 200 941
INFO 2024-10-03 22:57:59,441 basehttp 16680 17188 "GET /static/css/home.css HTTP/1.1" 200 917
INFO 2024-10-03 22:58:18,973 basehttp 16680 14192 "GET / HTTP/1.1" 200 941
INFO 2024-10-03 22:58:18,987 basehttp 16680 14192 "GET /static/css/home.css HTTP/1.1" 200 917
INFO 2024-10-03 22:58:42,025 basehttp 16680 9800 "GET / HTTP/1.1" 200 941
INFO 2024-10-03 22:58:42,038 basehttp 16680 9800 "GET /static/css/home.css HTTP/1.1" 200 952
INFO 2024-10-03 22:58:57,006 basehttp 16680 9800 "GET / HTTP/1.1" 200 941
INFO 2024-10-03 22:58:57,049 basehttp 16680 9800 "GET /static/css/home.css HTTP/1.1" 200 971
INFO 2024-10-03 22:59:45,154 basehttp 16680 9800 "GET / HTTP/1.1" 200 941
INFO 2024-10-03 22:59:45,162 basehttp 16680 18516 "GET /static/image/search.svg HTTP/1.1" 304 0
INFO 2024-10-03 22:59:45,177 basehttp 16680 9800 "GET /static/css/home.css HTTP/1.1" 200 991
INFO 2024-10-03 23:00:01,593 basehttp 16680 9800 "GET / HTTP/1.1" 200 941
INFO 2024-10-03 23:00:01,605 basehttp 16680 9800 "GET /static/css/home.css HTTP/1.1" 200 991
INFO 2024-10-03 23:00:44,552 basehttp 16680 3008 "GET / HTTP/1.1" 200 941
INFO 2024-10-03 23:00:44,576 basehttp 16680 3008 "GET /static/css/home.css HTTP/1.1" 200 986
INFO 2024-10-03 23:00:55,330 basehttp 16680 14372 "GET / HTTP/1.1" 200 941
INFO 2024-10-03 23:00:55,355 basehttp 16680 14372 "GET /static/css/home.css HTTP/1.1" 200 986
INFO 2024-10-03 23:00:55,366 basehttp 16680 14372 "GET /static/image/rimen.png HTTP/1.1" 304 0
INFO 2024-10-03 23:00:56,065 basehttp 16680 14372 "GET / HTTP/1.1" 200 941
INFO 2024-10-03 23:00:56,080 basehttp 16680 14372 "GET /static/css/home.css HTTP/1.1" 304 0
INFO 2024-10-03 23:01:16,009 basehttp 16680 19236 "GET / HTTP/1.1" 200 941
INFO 2024-10-03 23:01:16,038 basehttp 16680 19236 "GET /static/css/home.css HTTP/1.1" 200 1003
INFO 2024-10-03 23:01:26,820 basehttp 16680 8100 "GET / HTTP/1.1" 200 941
INFO 2024-10-03 23:01:26,846 basehttp 16680 8100 "GET /static/css/home.css HTTP/1.1" 200 986
INFO 2024-10-03 23:01:33,482 basehttp 16680 18652 "GET / HTTP/1.1" 200 941
INFO 2024-10-03 23:01:33,506 basehttp 16680 18652 "GET /static/css/home.css HTTP/1.1" 200 986
INFO 2024-10-03 23:02:06,877 basehttp 16680 9040 "GET / HTTP/1.1" 200 941
INFO 2024-10-03 23:02:06,906 basehttp 16680 9040 "GET /static/css/home.css HTTP/1.1" 200 979
INFO 2024-10-03 23:02:16,033 basehttp 16680 18796 "GET / HTTP/1.1" 200 941
INFO 2024-10-03 23:02:16,045 basehttp 16680 18796 "GET /static/css/home.css HTTP/1.1" 200 998
INFO 2024-10-03 23:02:16,601 basehttp 16680 18796 "GET / HTTP/1.1" 200 941
INFO 2024-10-03 23:02:16,608 basehttp 16680 18796 "GET /static/css/home.css HTTP/1.1" 304 0
INFO 2024-10-03 23:02:16,812 basehttp 16680 18796 "GET / HTTP/1.1" 200 941
INFO 2024-10-03 23:02:16,842 basehttp 16680 18796 "GET /static/css/home.css HTTP/1.1" 304 0
INFO 2024-10-03 23:02:17,740 basehttp 16680 18796 "GET / HTTP/1.1" 200 941
INFO 2024-10-03 23:02:17,756 basehttp 16680 18796 "GET /static/css/home.css HTTP/1.1" 200 998
INFO 2024-10-03 23:02:17,756 basehttp 16680 18636 "GET /static/image/search.svg HTTP/1.1" 200 315
INFO 2024-10-03 23:02:17,825 basehttp 16680 18636 "GET /static/image/rimen.png HTTP/1.1" 200 1758640
WARNING 2024-10-03 23:02:17,847 log 16680 18636 Not Found: /favicon.ico
WARNING 2024-10-03 23:02:17,848 basehttp 16680 18636 "GET /favicon.ico HTTP/1.1" 404 2673
INFO 2024-10-03 23:02:45,240 basehttp 16680 4016 "GET /api/search/?q=%E3%85%93%E3%85%98 HTTP/1.1" 200 74
INFO 2024-10-03 23:02:46,445 basehttp 16680 4016 "GET /static/css/home.css HTTP/1.1" 304 0
INFO 2024-10-03 23:05:55,827 basehttp 16680 11720 "GET / HTTP/1.1" 200 948
INFO 2024-10-03 23:05:55,840 basehttp 16680 18472 "GET /static/css/home.css HTTP/1.1" 304 0
WARNING 2024-10-03 23:05:55,847 basehttp 16680 11720 "GET /static/image/purple_search.svg HTTP/1.1" 404 1883
INFO 2024-10-03 23:06:03,983 basehttp 16680 18472 "GET / HTTP/1.1" 200 948
INFO 2024-10-03 23:06:03,996 basehttp 16680 18472 "GET /static/image/purple_search.png HTTP/1.1" 200 20274
INFO 2024-10-03 23:06:35,163 basehttp 16680 18472 "GET / HTTP/1.1" 200 968
INFO 2024-10-03 23:06:35,174 basehttp 16680 10784 "GET /static/image/purple_search.png HTTP/1.1" 304 0
INFO 2024-10-03 23:06:35,174 basehttp 16680 18472 "GET /static/css/home.css HTTP/1.1" 304 0
INFO 2024-10-03 23:06:59,926 basehttp 16680 18472 "GET / HTTP/1.1" 200 948
INFO 2024-10-03 23:06:59,949 basehttp 16680 18472 "GET /static/image/purple_search.png HTTP/1.1" 304 0
INFO 2024-10-03 23:07:00,489 basehttp 16680 18472 "GET / HTTP/1.1" 200 948
INFO 2024-10-03 23:07:00,656 basehttp 16680 18472 "GET / HTTP/1.1" 200 948
INFO 2024-10-03 23:07:01,403 basehttp 16680 18472 "GET / HTTP/1.1" 200 948
INFO 2024-10-03 23:07:01,421 basehttp 16680 18472 "GET /static/css/home.css HTTP/1.1" 200 1043
INFO 2024-10-03 23:07:01,421 basehttp 16680 10784 "GET /static/image/purple_search.png HTTP/1.1" 200 20274
INFO 2024-10-03 23:07:01,500 basehttp 16680 18472 "GET /static/image/rimen.png HTTP/1.1" 200 1758640
WARNING 2024-10-03 23:07:01,547 log 16680 18472 Not Found: /favicon.ico
WARNING 2024-10-03 23:07:01,549 basehttp 16680 18472 "GET /favicon.ico HTTP/1.1" 404 2673
INFO 2024-10-03 23:07:14,426 basehttp 16680 17248 "GET /api/search/?q= HTTP/1.1" 200 68
INFO 2024-10-03 23:08:23,952 basehttp 16680 9864 "GET / HTTP/1.1" 200 948
INFO 2024-10-03 23:08:23,971 basehttp 16680 12340 "GET /static/image/purple_search.png HTTP/1.1" 304 0
INFO 2024-10-03 23:08:23,997 basehttp 16680 9864 "GET /static/css/home.css HTTP/1.1" 200 1025
INFO 2024-10-03 23:08:24,755 basehttp 16680 9864 "GET / HTTP/1.1" 200 948
INFO 2024-10-03 23:08:24,765 basehttp 16680 9864 "GET /static/css/home.css HTTP/1.1" 304 0
INFO 2024-10-03 23:08:40,185 basehttp 16680 16280 "GET / HTTP/1.1" 200 948
INFO 2024-10-03 23:08:40,211 basehttp 16680 16280 "GET /static/css/home.css HTTP/1.1" 200 1044
INFO 2024-10-03 23:08:52,939 basehttp 16680 16280 "GET / HTTP/1.1" 200 948
INFO 2024-10-03 23:08:52,947 basehttp 16680 15096 "GET /static/image/purple_search.png HTTP/1.1" 304 0
INFO 2024-10-03 23:08:53,012 basehttp 16680 16280 "GET /static/css/home.css HTTP/1.1" 200 1043
INFO 2024-10-03 23:09:07,982 basehttp 16680 16280 "GET / HTTP/1.1" 200 948
INFO 2024-10-03 23:09:08,008 basehttp 16680 16280 "GET /static/css/home.css HTTP/1.1" 200 1062
INFO 2024-10-03 23:09:20,696 basehttp 16680 16280 "GET / HTTP/1.1" 200 948
INFO 2024-10-03 23:09:20,706 basehttp 16680 15096 "GET /static/image/purple_search.png HTTP/1.1" 304 0
INFO 2024-10-03 23:09:20,722 basehttp 16680 16280 "GET /static/css/home.css HTTP/1.1" 200 1077
INFO 2024-10-03 23:09:21,353 basehttp 16680 16280 "GET / HTTP/1.1" 200 948
INFO 2024-10-03 23:09:21,366 basehttp 16680 16280 "GET /static/css/home.css HTTP/1.1" 304 0
INFO 2024-10-03 23:09:48,037 basehttp 16680 17416 "GET / HTTP/1.1" 200 948
INFO 2024-10-03 23:09:48,046 basehttp 16680 2740 "GET /static/image/purple_search.png HTTP/1.1" 304 0
INFO 2024-10-03 23:09:48,063 basehttp 16680 17416 "GET /static/css/home.css HTTP/1.1" 200 1084
INFO 2024-10-03 23:09:53,073 basehttp 16680 17416 "GET / HTTP/1.1" 200 948
INFO 2024-10-03 23:09:53,082 basehttp 16680 17416 "GET /static/css/home.css HTTP/1.1" 200 1084
INFO 2024-10-03 23:10:09,599 basehttp 16680 17416 "GET /api/search/?q=%EC%95%84%EB%8D%B8 HTTP/1.1" 200 405
INFO 2024-10-13 21:13:38,150 autoreload 17252 14172 Watching for file changes with StatReloader
INFO 2024-10-13 21:13:42,283 basehttp 17252 13140 "GET / HTTP/1.1" 200 949
INFO 2024-10-13 21:13:42,320 basehttp 17252 13140 "GET /static/css/home.css HTTP/1.1" 304 0
INFO 2024-10-13 21:13:42,320 basehttp 17252 1660 "GET /static/image/purple_search.png HTTP/1.1" 304 0
INFO 2024-10-13 21:13:42,541 basehttp 17252 1660 "GET /static/image/rimen.png HTTP/1.1" 200 1758640
WARNING 2024-10-13 21:13:42,575 log 17252 1660 Not Found: /favicon.ico
WARNING 2024-10-13 21:13:42,576 basehttp 17252 1660 "GET /favicon.ico HTTP/1.1" 404 2673
INFO 2024-10-13 21:24:13,900 basehttp 17252 16380 "GET / HTTP/1.1" 200 944
WARNING 2024-10-13 21:24:13,957 basehttp 17252 16380 "GET /static/image/ai_maole.png HTTP/1.1" 404 1868
INFO 2024-10-13 21:24:15,359 basehttp 17252 15956 "GET / HTTP/1.1" 200 944
WARNING 2024-10-13 21:24:15,374 basehttp 17252 15956 "GET /static/image/ai_maole.png HTTP/1.1" 404 1868
INFO 2024-10-13 21:24:19,500 basehttp 17252 4064 "GET / HTTP/1.1" 200 944
WARNING 2024-10-13 21:24:19,516 basehttp 17252 4064 "GET /static/image/ai_maole.png HTTP/1.1" 404 1868
INFO 2024-10-13 21:24:24,860 basehttp 17252 17780 "GET / HTTP/1.1" 200 944
WARNING 2024-10-13 21:24:24,881 basehttp 17252 4840 "GET /static/image/ai_maole.png HTTP/1.1" 404 1868
INFO 2024-10-13 21:24:24,951 basehttp 17252 17780 "GET /static/css/home.css HTTP/1.1" 200 1084
INFO 2024-10-13 21:24:25,035 basehttp 17252 17780 "GET /static/image/rimen.png HTTP/1.1" 200 1758640
WARNING 2024-10-13 21:24:28,262 log 17252 17780 Not Found: /favicon.ico
WARNING 2024-10-13 21:24:28,263 basehttp 17252 17780 "GET /favicon.ico HTTP/1.1" 404 2673
INFO 2024-10-13 21:24:32,627 autoreload 16480 16928 Watching for file changes with StatReloader
INFO 2024-10-13 21:24:34,908 basehttp 16480 724 "GET / HTTP/1.1" 200 944
WARNING 2024-10-13 21:24:34,950 basehttp 16480 724 "GET /static/image/ai_maole.png HTTP/1.1" 404 1868
INFO 2024-10-13 21:25:56,150 basehttp 16480 16880 "GET / HTTP/1.1" 200 949
INFO 2024-10-13 21:25:59,515 basehttp 16480 16880 "GET / HTTP/1.1" 200 949
INFO 2024-10-13 21:26:04,668 basehttp 16480 16880 "GET / HTTP/1.1" 200 949
INFO 2024-10-13 21:26:08,375 autoreload 12904 4656 Watching for file changes with StatReloader
INFO 2024-10-13 21:26:16,786 basehttp 12904 10912 "GET / HTTP/1.1" 200 949
INFO 2024-10-13 21:26:18,881 basehttp 12904 10912 "GET / HTTP/1.1" 200 949
INFO 2024-10-13 21:26:30,005 basehttp 12904 10912 "GET / HTTP/1.1" 200 949
INFO 2024-10-13 21:26:30,821 basehttp 12904 10912 "GET / HTTP/1.1" 200 949
INFO 2024-10-13 21:26:30,988 basehttp 12904 10912 "GET / HTTP/1.1" 200 949
INFO 2024-10-13 21:26:34,053 basehttp 12904 10912 "GET / HTTP/1.1" 200 949
INFO 2024-10-13 21:26:50,894 basehttp 12904 10912 "GET / HTTP/1.1" 200 949
INFO 2024-10-13 21:26:51,246 basehttp 12904 10912 "GET / HTTP/1.1" 200 949
INFO 2024-10-13 21:26:51,406 basehttp 12904 10912 "GET / HTTP/1.1" 200 949
INFO 2024-10-13 21:26:51,572 basehttp 12904 10912 "GET / HTTP/1.1" 200 949
INFO 2024-10-13 21:27:42,119 basehttp 12904 10912 "GET / HTTP/1.1" 200 949
INFO 2024-10-13 21:27:42,606 basehttp 12904 10912 "GET / HTTP/1.1" 200 949
INFO 2024-10-13 21:29:10,646 autoreload 2516 12580 Watching for file changes with StatReloader
INFO 2024-10-13 21:29:12,726 basehttp 2516 6748 "GET / HTTP/1.1" 200 949
INFO 2024-10-13 21:30:18,056 basehttp 2516 13220 "GET / HTTP/1.1" 200 949
INFO 2024-10-13 21:30:19,630 basehttp 2516 10784 "GET / HTTP/1.1" 200 949
INFO 2024-10-13 21:30:19,947 basehttp 2516 10784 "GET /static/css/home.css HTTP/1.1" 200 1093
INFO 2024-10-13 21:30:20,052 basehttp 2516 11856 "GET /static/image/purple_search.png HTTP/1.1" 200 20274
WARNING 2024-10-13 21:30:20,168 log 2516 11856 Not Found: /favicon.ico
WARNING 2024-10-13 21:30:20,169 basehttp 2516 11856 "GET /favicon.ico HTTP/1.1" 404 2673
INFO 2024-10-13 21:30:28,962 basehttp 2516 11856 "GET / HTTP/1.1" 200 949
INFO 2024-10-13 21:30:28,975 basehttp 2516 11856 "GET /static/css/home.css HTTP/1.1" 200 1087
INFO 2024-10-13 21:30:28,989 basehttp 2516 11856 "GET /static/image/ai_maple.jpg HTTP/1.1" 200 243361
INFO 2024-10-13 21:31:01,239 basehttp 2516 3784 "GET / HTTP/1.1" 200 949
INFO 2024-10-13 21:31:01,251 basehttp 2516 3784 "GET /static/css/home.css HTTP/1.1" 200 1089
INFO 2024-10-13 21:33:18,602 basehttp 2516 7520 "GET / HTTP/1.1" 200 947
INFO 2024-10-13 21:33:18,610 basehttp 2516 17224 "GET /static/css/home.css HTTP/1.1" 304 0
WARNING 2024-10-13 21:33:18,616 basehttp 2516 7520 "GET /static/image/earch_black.png HTTP/1.1" 404 1877
INFO 2024-10-13 21:33:18,622 basehttp 2516 17224 "GET /static/image/ai_maple.jpg HTTP/1.1" 304 0
INFO 2024-10-13 21:33:19,457 basehttp 2516 17224 "GET / HTTP/1.1" 200 947
WARNING 2024-10-13 21:33:19,475 basehttp 2516 17224 "GET /static/image/earch_black.png HTTP/1.1" 404 1877
INFO 2024-10-13 21:33:29,426 basehttp 2516 7196 "GET / HTTP/1.1" 200 948
INFO 2024-10-13 21:33:29,469 basehttp 2516 7196 "GET /static/image/search_black.png HTTP/1.1" 200 9712
INFO 2024-10-13 21:34:24,282 basehttp 2516 7412 "GET / HTTP/1.1" 200 948
INFO 2024-10-13 21:34:24,288 basehttp 2516 4152 "GET /static/image/search_black.png HTTP/1.1" 304 0
INFO 2024-10-13 21:34:24,298 basehttp 2516 7412 "GET /static/css/home.css HTTP/1.1" 200 1089
INFO 2024-10-13 21:34:24,303 basehttp 2516 7412 "GET /static/image/ai_maple.jpg HTTP/1.1" 304 0
INFO 2024-10-13 21:34:29,361 basehttp 2516 7412 "GET / HTTP/1.1" 200 948
INFO 2024-10-13 21:34:29,371 basehttp 2516 7412 "GET /static/css/home.css HTTP/1.1" 200 1089
INFO 2024-10-13 21:34:38,673 basehttp 2516 16648 "GET / HTTP/1.1" 200 948
INFO 2024-10-13 21:34:38,684 basehttp 2516 17044 "GET /static/image/search_black.png HTTP/1.1" 304 0
INFO 2024-10-13 21:34:38,694 basehttp 2516 16648 "GET /static/css/home.css HTTP/1.1" 200 1092
INFO 2024-10-13 21:34:48,816 basehttp 2516 5600 "GET / HTTP/1.1" 200 948
INFO 2024-10-13 21:34:48,835 basehttp 2516 5600 "GET /static/css/home.css HTTP/1.1" 200 1086
INFO 2024-10-13 21:34:54,729 basehttp 2516 13504 "GET / HTTP/1.1" 200 948
INFO 2024-10-13 21:34:54,740 basehttp 2516 8248 "GET /static/image/search_black.png HTTP/1.1" 304 0
INFO 2024-10-13 21:34:54,748 basehttp 2516 13504 "GET /static/css/home.css HTTP/1.1" 200 1086
INFO 2024-10-13 21:35:05,288 basehttp 2516 12848 "GET / HTTP/1.1" 200 948
INFO 2024-10-13 21:35:05,299 basehttp 2516 12848 "GET /static/css/home.css HTTP/1.1" 200 1080
INFO 2024-10-13 21:35:07,702 basehttp 2516 12848 "GET /api/search/?q=%E3%85%81%E3%84%B4%E3%85%87%E3%85%81 HTTP/1.1" 200 80
INFO 2024-10-13 21:35:14,567 basehttp 2516 14984 "GET /api/search/?q=%EC%95%84%EB%8D%B8 HTTP/1.1" 200 405
INFO 2024-10-13 21:35:16,668 basehttp 2516 14984 "GET /character/api/character/%EC%95%84%EB%8D%B8/ HTTP/1.1" 200 169607
